{"numFailedTestSuites":8,"numFailedTests":51,"numPassedTestSuites":0,"numPassedTests":7,"numPendingTestSuites":0,"numPendingTests":0,"numRuntimeErrorTestSuites":1,"numTodoTests":0,"numTotalTestSuites":8,"numTotalTests":58,"openHandles":[],"snapshot":{"added":0,"didUpdate":false,"failure":false,"filesAdded":0,"filesRemoved":0,"filesRemovedList":[],"filesUnmatched":0,"filesUpdated":0,"matched":0,"total":0,"unchecked":0,"uncheckedKeysByFile":[],"unmatched":0,"updated":0},"startTime":1749208307858,"success":false,"testResults":[{"assertionResults":[{"ancestorTitles":["Simple Controller Tests","StrategyController"],"duration":0,"failureDetails":[{}],"failureMessages":["TypeError: mockDb.from(...).select(...).mockResolvedValue is not a function\n    at Object.mockResolvedValue (/Users/jung-wankim/Project/trader-api/tests/controllers/simpleControllers.test.js:52:30)\n    at Promise.then.completed (/Users/jung-wankim/Project/trader-api/node_modules/jest-circus/build/utils.js:298:28)\n    at new Promise (<anonymous>)\n    at callAsyncCircusFn (/Users/jung-wankim/Project/trader-api/node_modules/jest-circus/build/utils.js:231:10)\n    at _callCircusTest (/Users/jung-wankim/Project/trader-api/node_modules/jest-circus/build/run.js:316:40)\n    at processTicksAndRejections (node:internal/process/task_queues:95:5)\n    at _runTest (/Users/jung-wankim/Project/trader-api/node_modules/jest-circus/build/run.js:252:3)\n    at _runTestsForDescribeBlock (/Users/jung-wankim/Project/trader-api/node_modules/jest-circus/build/run.js:126:9)\n    at _runTestsForDescribeBlock (/Users/jung-wankim/Project/trader-api/node_modules/jest-circus/build/run.js:121:9)\n    at _runTestsForDescribeBlock (/Users/jung-wankim/Project/trader-api/node_modules/jest-circus/build/run.js:121:9)\n    at run (/Users/jung-wankim/Project/trader-api/node_modules/jest-circus/build/run.js:71:3)\n    at runAndTransformResultsToJestFormat (/Users/jung-wankim/Project/trader-api/node_modules/jest-circus/build/legacy-code-todo-rewrite/jestAdapterInit.js:122:21)\n    at jestAdapter (/Users/jung-wankim/Project/trader-api/node_modules/jest-circus/build/legacy-code-todo-rewrite/jestAdapter.js:79:19)\n    at runTestInternal (/Users/jung-wankim/Project/trader-api/node_modules/jest-runner/build/runTest.js:367:16)\n    at runTest (/Users/jung-wankim/Project/trader-api/node_modules/jest-runner/build/runTest.js:444:34)"],"fullName":"Simple Controller Tests StrategyController should filter strategies by tier","invocations":1,"location":null,"numPassingAsserts":0,"retryReasons":[],"status":"failed","title":"should filter strategies by tier"},{"ancestorTitles":["Simple Controller Tests","StrategyController"],"duration":0,"failureDetails":[{}],"failureMessages":["TypeError: Cannot read properties of undefined (reading 'select')\n    at Object.<anonymous> (/Users/jung-wankim/Project/trader-api/tests/controllers/simpleControllers.test.js:68:20)\n    at Promise.then.completed (/Users/jung-wankim/Project/trader-api/node_modules/jest-circus/build/utils.js:298:28)\n    at new Promise (<anonymous>)\n    at callAsyncCircusFn (/Users/jung-wankim/Project/trader-api/node_modules/jest-circus/build/utils.js:231:10)\n    at _callCircusTest (/Users/jung-wankim/Project/trader-api/node_modules/jest-circus/build/run.js:316:40)\n    at processTicksAndRejections (node:internal/process/task_queues:95:5)\n    at _runTest (/Users/jung-wankim/Project/trader-api/node_modules/jest-circus/build/run.js:252:3)\n    at _runTestsForDescribeBlock (/Users/jung-wankim/Project/trader-api/node_modules/jest-circus/build/run.js:126:9)\n    at _runTestsForDescribeBlock (/Users/jung-wankim/Project/trader-api/node_modules/jest-circus/build/run.js:121:9)\n    at _runTestsForDescribeBlock (/Users/jung-wankim/Project/trader-api/node_modules/jest-circus/build/run.js:121:9)\n    at run (/Users/jung-wankim/Project/trader-api/node_modules/jest-circus/build/run.js:71:3)\n    at runAndTransformResultsToJestFormat (/Users/jung-wankim/Project/trader-api/node_modules/jest-circus/build/legacy-code-todo-rewrite/jestAdapterInit.js:122:21)\n    at jestAdapter (/Users/jung-wankim/Project/trader-api/node_modules/jest-circus/build/legacy-code-todo-rewrite/jestAdapter.js:79:19)\n    at runTestInternal (/Users/jung-wankim/Project/trader-api/node_modules/jest-runner/build/runTest.js:367:16)\n    at runTest (/Users/jung-wankim/Project/trader-api/node_modules/jest-runner/build/runTest.js:444:34)"],"fullName":"Simple Controller Tests StrategyController should handle database errors in getStrategies","invocations":1,"location":null,"numPassingAsserts":0,"retryReasons":[],"status":"failed","title":"should handle database errors in getStrategies"},{"ancestorTitles":["Simple Controller Tests","StrategyController"],"duration":0,"failureDetails":[{}],"failureMessages":["TypeError: Cannot read properties of undefined (reading 'select')\n    at Object.<anonymous> (/Users/jung-wankim/Project/trader-api/tests/controllers/simpleControllers.test.js:83:20)\n    at Promise.then.completed (/Users/jung-wankim/Project/trader-api/node_modules/jest-circus/build/utils.js:298:28)\n    at new Promise (<anonymous>)\n    at callAsyncCircusFn (/Users/jung-wankim/Project/trader-api/node_modules/jest-circus/build/utils.js:231:10)\n    at _callCircusTest (/Users/jung-wankim/Project/trader-api/node_modules/jest-circus/build/run.js:316:40)\n    at processTicksAndRejections (node:internal/process/task_queues:95:5)\n    at _runTest (/Users/jung-wankim/Project/trader-api/node_modules/jest-circus/build/run.js:252:3)\n    at _runTestsForDescribeBlock (/Users/jung-wankim/Project/trader-api/node_modules/jest-circus/build/run.js:126:9)\n    at _runTestsForDescribeBlock (/Users/jung-wankim/Project/trader-api/node_modules/jest-circus/build/run.js:121:9)\n    at _runTestsForDescribeBlock (/Users/jung-wankim/Project/trader-api/node_modules/jest-circus/build/run.js:121:9)\n    at run (/Users/jung-wankim/Project/trader-api/node_modules/jest-circus/build/run.js:71:3)\n    at runAndTransformResultsToJestFormat (/Users/jung-wankim/Project/trader-api/node_modules/jest-circus/build/legacy-code-todo-rewrite/jestAdapterInit.js:122:21)\n    at jestAdapter (/Users/jung-wankim/Project/trader-api/node_modules/jest-circus/build/legacy-code-todo-rewrite/jestAdapter.js:79:19)\n    at runTestInternal (/Users/jung-wankim/Project/trader-api/node_modules/jest-runner/build/runTest.js:367:16)\n    at runTest (/Users/jung-wankim/Project/trader-api/node_modules/jest-runner/build/runTest.js:444:34)"],"fullName":"Simple Controller Tests StrategyController should check tier access for getStrategy","invocations":1,"location":null,"numPassingAsserts":0,"retryReasons":[],"status":"failed","title":"should check tier access for getStrategy"},{"ancestorTitles":["Simple Controller Tests","RecommendationController"],"duration":0,"failureDetails":[{}],"failureMessages":["TypeError: Cannot read properties of undefined (reading 'select')\n    at Object.<anonymous> (/Users/jung-wankim/Project/trader-api/tests/controllers/simpleControllers.test.js:101:20)\n    at Promise.then.completed (/Users/jung-wankim/Project/trader-api/node_modules/jest-circus/build/utils.js:298:28)\n    at new Promise (<anonymous>)\n    at callAsyncCircusFn (/Users/jung-wankim/Project/trader-api/node_modules/jest-circus/build/utils.js:231:10)\n    at _callCircusTest (/Users/jung-wankim/Project/trader-api/node_modules/jest-circus/build/run.js:316:40)\n    at processTicksAndRejections (node:internal/process/task_queues:95:5)\n    at _runTest (/Users/jung-wankim/Project/trader-api/node_modules/jest-circus/build/run.js:252:3)\n    at _runTestsForDescribeBlock (/Users/jung-wankim/Project/trader-api/node_modules/jest-circus/build/run.js:126:9)\n    at _runTestsForDescribeBlock (/Users/jung-wankim/Project/trader-api/node_modules/jest-circus/build/run.js:121:9)\n    at _runTestsForDescribeBlock (/Users/jung-wankim/Project/trader-api/node_modules/jest-circus/build/run.js:121:9)\n    at run (/Users/jung-wankim/Project/trader-api/node_modules/jest-circus/build/run.js:71:3)\n    at runAndTransformResultsToJestFormat (/Users/jung-wankim/Project/trader-api/node_modules/jest-circus/build/legacy-code-todo-rewrite/jestAdapterInit.js:122:21)\n    at jestAdapter (/Users/jung-wankim/Project/trader-api/node_modules/jest-circus/build/legacy-code-todo-rewrite/jestAdapter.js:79:19)\n    at runTestInternal (/Users/jung-wankim/Project/trader-api/node_modules/jest-runner/build/runTest.js:367:16)\n    at runTest (/Users/jung-wankim/Project/trader-api/node_modules/jest-runner/build/runTest.js:444:34)"],"fullName":"Simple Controller Tests RecommendationController should return recommendations based on tier","invocations":1,"location":null,"numPassingAsserts":0,"retryReasons":[],"status":"failed","title":"should return recommendations based on tier"},{"ancestorTitles":["Simple Controller Tests","RecommendationController"],"duration":3,"failureDetails":[{"matcherResult":{"message":"expect(jest.fn()).toHaveBeenCalledWith(...expected)\n\nExpected: 5\n\nNumber of calls: 0","pass":false}}],"failureMessages":["Error: expect(jest.fn()).toHaveBeenCalledWith(...expected)\n\nExpected: 5\n\nNumber of calls: 0\n    at Object.toHaveBeenCalledWith (/Users/jung-wankim/Project/trader-api/tests/controllers/simpleControllers.test.js:131:31)\n    at processTicksAndRejections (node:internal/process/task_queues:95:5)"],"fullName":"Simple Controller Tests RecommendationController should handle limit parameter","invocations":1,"location":null,"numPassingAsserts":0,"retryReasons":[],"status":"failed","title":"should handle limit parameter"},{"ancestorTitles":["Simple Controller Tests","RecommendationController"],"duration":0,"failureDetails":[{}],"failureMessages":["TypeError: Cannot read properties of undefined (reading 'select')\n    at Object.<anonymous> (/Users/jung-wankim/Project/trader-api/tests/controllers/simpleControllers.test.js:138:20)\n    at Promise.then.completed (/Users/jung-wankim/Project/trader-api/node_modules/jest-circus/build/utils.js:298:28)\n    at new Promise (<anonymous>)\n    at callAsyncCircusFn (/Users/jung-wankim/Project/trader-api/node_modules/jest-circus/build/utils.js:231:10)\n    at _callCircusTest (/Users/jung-wankim/Project/trader-api/node_modules/jest-circus/build/run.js:316:40)\n    at processTicksAndRejections (node:internal/process/task_queues:95:5)\n    at _runTest (/Users/jung-wankim/Project/trader-api/node_modules/jest-circus/build/run.js:252:3)\n    at _runTestsForDescribeBlock (/Users/jung-wankim/Project/trader-api/node_modules/jest-circus/build/run.js:126:9)\n    at _runTestsForDescribeBlock (/Users/jung-wankim/Project/trader-api/node_modules/jest-circus/build/run.js:121:9)\n    at _runTestsForDescribeBlock (/Users/jung-wankim/Project/trader-api/node_modules/jest-circus/build/run.js:121:9)\n    at run (/Users/jung-wankim/Project/trader-api/node_modules/jest-circus/build/run.js:71:3)\n    at runAndTransformResultsToJestFormat (/Users/jung-wankim/Project/trader-api/node_modules/jest-circus/build/legacy-code-todo-rewrite/jestAdapterInit.js:122:21)\n    at jestAdapter (/Users/jung-wankim/Project/trader-api/node_modules/jest-circus/build/legacy-code-todo-rewrite/jestAdapter.js:79:19)\n    at runTestInternal (/Users/jung-wankim/Project/trader-api/node_modules/jest-runner/build/runTest.js:367:16)\n    at runTest (/Users/jung-wankim/Project/trader-api/node_modules/jest-runner/build/runTest.js:444:34)"],"fullName":"Simple Controller Tests RecommendationController should handle getRecommendationById not found","invocations":1,"location":null,"numPassingAsserts":0,"retryReasons":[],"status":"failed","title":"should handle getRecommendationById not found"}],"endTime":1749208307975,"message":"  ● Simple Controller Tests › StrategyController › should filter strategies by tier\n\n    TypeError: mockDb.from(...).select(...).mockResolvedValue is not a function\n\n      50 |       ];\n      51 |\n    > 52 |       mockDb.from().select().mockResolvedValue({ \n         |                              ^\n      53 |         data: mockStrategies, \n      54 |         error: null \n      55 |       });\n\n      at Object.mockResolvedValue (tests/controllers/simpleControllers.test.js:52:30)\n\n  ● Simple Controller Tests › StrategyController › should handle database errors in getStrategies\n\n    TypeError: Cannot read properties of undefined (reading 'select')\n\n      66 |     it('should handle database errors in getStrategies', async () => {\n      67 |       const mockDb = require('../../src/config/database').db;\n    > 68 |       mockDb.from().select().mockResolvedValue({ \n         |                    ^\n      69 |         data: null, \n      70 |         error: { message: 'Database error' } \n      71 |       });\n\n      at Object.<anonymous> (tests/controllers/simpleControllers.test.js:68:20)\n\n  ● Simple Controller Tests › StrategyController › should check tier access for getStrategy\n\n    TypeError: Cannot read properties of undefined (reading 'select')\n\n      81 |\n      82 |       const mockDb = require('../../src/config/database').db;\n    > 83 |       mockDb.from().select().eq().single().mockResolvedValue({ \n         |                    ^\n      84 |         data: { id: '123', name: 'Premium Strategy', min_tier: 'premium' }, \n      85 |         error: null \n      86 |       });\n\n      at Object.<anonymous> (tests/controllers/simpleControllers.test.js:83:20)\n\n  ● Simple Controller Tests › RecommendationController › should return recommendations based on tier\n\n    TypeError: Cannot read properties of undefined (reading 'select')\n\n       99 |       \n      100 |       const mockDb = require('../../src/config/database').db;\n    > 101 |       mockDb.from().select().order().limit().range().mockResolvedValue({ \n          |                    ^\n      102 |         data: [\n      103 |           { id: 1, symbol: 'AAPL', action: 'buy' },\n      104 |           { id: 2, symbol: 'GOOGL', action: 'buy' }\n\n      at Object.<anonymous> (tests/controllers/simpleControllers.test.js:101:20)\n\n  ● Simple Controller Tests › RecommendationController › should handle limit parameter\n\n    expect(jest.fn()).toHaveBeenCalledWith(...expected)\n\n    Expected: 5\n\n    Number of calls: 0\n\n      129 |       await recommendationController.getRecommendations(req, res, next);\n      130 |\n    > 131 |       expect(mockChain.limit).toHaveBeenCalledWith(5);\n          |                               ^\n      132 |     });\n      133 |\n      134 |     it('should handle getRecommendationById not found', async () => {\n\n      at Object.toHaveBeenCalledWith (tests/controllers/simpleControllers.test.js:131:31)\n\n  ● Simple Controller Tests › RecommendationController › should handle getRecommendationById not found\n\n    TypeError: Cannot read properties of undefined (reading 'select')\n\n      136 |       \n      137 |       const mockDb = require('../../src/config/database').db;\n    > 138 |       mockDb.from().select().eq().single().mockResolvedValue({ \n          |                    ^\n      139 |         data: null, \n      140 |         error: null \n      141 |       });\n\n      at Object.<anonymous> (tests/controllers/simpleControllers.test.js:138:20)\n","name":"/Users/jung-wankim/Project/trader-api/tests/controllers/simpleControllers.test.js","startTime":1749208307870,"status":"failed","summary":""},{"assertionResults":[{"ancestorTitles":["Auth Middleware","authenticate"],"duration":1,"failureDetails":[{"matcherResult":{"expected":{"sample":{"id":"user-123","email":"test@example.com","tier":"basic"},"inverse":false},"message":"expect(received).toEqual(expected) // deep equality\n\nExpected: ObjectContaining {\"email\": \"test@example.com\", \"id\": \"user-123\", \"tier\": \"basic\"}\nReceived: undefined","name":"toEqual","pass":false}}],"failureMessages":["Error: expect(received).toEqual(expected) // deep equality\n\nExpected: ObjectContaining {\"email\": \"test@example.com\", \"id\": \"user-123\", \"tier\": \"basic\"}\nReceived: undefined\n    at Object.toEqual (/Users/jung-wankim/Project/trader-api/tests/middleware/auth.test.js:56:24)"],"fullName":"Auth Middleware authenticate should authenticate valid token","invocations":1,"location":null,"numPassingAsserts":0,"retryReasons":[],"status":"failed","title":"should authenticate valid token"},{"ancestorTitles":["Auth Middleware","authenticate"],"duration":0,"failureDetails":[{"matcherResult":{"message":"expect(jest.fn()).toHaveBeenCalledWith(...expected)\n\nExpected: ObjectContaining {\"message\": \"Authentication required\", \"status\": 401}\n\nNumber of calls: 0","pass":false}}],"failureMessages":["Error: expect(jest.fn()).toHaveBeenCalledWith(...expected)\n\nExpected: ObjectContaining {\"message\": \"Authentication required\", \"status\": 401}\n\nNumber of calls: 0\n    at Object.toHaveBeenCalledWith (/Users/jung-wankim/Project/trader-api/tests/middleware/auth.test.js:67:20)"],"fullName":"Auth Middleware authenticate should reject missing token","invocations":1,"location":null,"numPassingAsserts":0,"retryReasons":[],"status":"failed","title":"should reject missing token"},{"ancestorTitles":["Auth Middleware","authenticate"],"duration":1,"failureDetails":[{"matcherResult":{"message":"expect(jest.fn()).toHaveBeenCalledWith(...expected)\n\nExpected: ObjectContaining {\"message\": \"Invalid token format\", \"status\": 401}\n\nNumber of calls: 0","pass":false}}],"failureMessages":["Error: expect(jest.fn()).toHaveBeenCalledWith(...expected)\n\nExpected: ObjectContaining {\"message\": \"Invalid token format\", \"status\": 401}\n\nNumber of calls: 0\n    at Object.toHaveBeenCalledWith (/Users/jung-wankim/Project/trader-api/tests/middleware/auth.test.js:78:20)"],"fullName":"Auth Middleware authenticate should reject invalid token format","invocations":1,"location":null,"numPassingAsserts":0,"retryReasons":[],"status":"failed","title":"should reject invalid token format"},{"ancestorTitles":["Auth Middleware","authenticate"],"duration":0,"failureDetails":[{"matcherResult":{"message":"expect(jest.fn()).toHaveBeenCalledWith(...expected)\n\nExpected: ObjectContaining {\"message\": \"Invalid token\", \"status\": 401}\n\nNumber of calls: 0","pass":false}}],"failureMessages":["Error: expect(jest.fn()).toHaveBeenCalledWith(...expected)\n\nExpected: ObjectContaining {\"message\": \"Invalid token\", \"status\": 401}\n\nNumber of calls: 0\n    at Object.toHaveBeenCalledWith (/Users/jung-wankim/Project/trader-api/tests/middleware/auth.test.js:92:20)"],"fullName":"Auth Middleware authenticate should handle JWT verification errors","invocations":1,"location":null,"numPassingAsserts":0,"retryReasons":[],"status":"failed","title":"should handle JWT verification errors"},{"ancestorTitles":["Auth Middleware","authenticate"],"duration":0,"failureDetails":[{"matcherResult":{"message":"expect(jest.fn()).toHaveBeenCalledWith(...expected)\n\nExpected: ObjectContaining {\"message\": \"User not found\", \"status\": 401}\n\nNumber of calls: 0","pass":false}}],"failureMessages":["Error: expect(jest.fn()).toHaveBeenCalledWith(...expected)\n\nExpected: ObjectContaining {\"message\": \"User not found\", \"status\": 401}\n\nNumber of calls: 0\n    at Object.toHaveBeenCalledWith (/Users/jung-wankim/Project/trader-api/tests/middleware/auth.test.js:108:20)"],"fullName":"Auth Middleware authenticate should handle user not found","invocations":1,"location":null,"numPassingAsserts":0,"retryReasons":[],"status":"failed","title":"should handle user not found"},{"ancestorTitles":["Auth Middleware","authenticate"],"duration":0,"failureDetails":[{"matcherResult":{"message":"expect(jest.fn()).toHaveBeenCalledWith(...expected)\n\nExpected: ObjectContaining {\"message\": \"Database error\", \"status\": 401}\n\nNumber of calls: 0","pass":false}}],"failureMessages":["Error: expect(jest.fn()).toHaveBeenCalledWith(...expected)\n\nExpected: ObjectContaining {\"message\": \"Database error\", \"status\": 401}\n\nNumber of calls: 0\n    at Object.toHaveBeenCalledWith (/Users/jung-wankim/Project/trader-api/tests/middleware/auth.test.js:124:20)"],"fullName":"Auth Middleware authenticate should handle database errors","invocations":1,"location":null,"numPassingAsserts":0,"retryReasons":[],"status":"failed","title":"should handle database errors"},{"ancestorTitles":["Auth Middleware","authorize"],"duration":0,"failureDetails":[],"failureMessages":[],"fullName":"Auth Middleware authorize should allow access for matching tier","invocations":1,"location":null,"numPassingAsserts":2,"retryReasons":[],"status":"passed","title":"should allow access for matching tier"},{"ancestorTitles":["Auth Middleware","authorize"],"duration":0,"failureDetails":[{"matcherResult":{"message":"expect(jest.fn()).toHaveBeenCalledWith(...expected)\n\nExpected: ObjectContaining {\"message\": \"Insufficient subscription tier\", \"status\": 403}\nReceived: called with 0 arguments\n\nNumber of calls: 1","pass":false}}],"failureMessages":["Error: expect(jest.fn()).toHaveBeenCalledWith(...expected)\n\nExpected: ObjectContaining {\"message\": \"Insufficient subscription tier\", \"status\": 403}\nReceived: called with 0 arguments\n\nNumber of calls: 1\n    at Object.toHaveBeenCalledWith (/Users/jung-wankim/Project/trader-api/tests/middleware/auth.test.js:148:20)\n    at Promise.then.completed (/Users/jung-wankim/Project/trader-api/node_modules/jest-circus/build/utils.js:298:28)\n    at new Promise (<anonymous>)\n    at callAsyncCircusFn (/Users/jung-wankim/Project/trader-api/node_modules/jest-circus/build/utils.js:231:10)\n    at _callCircusTest (/Users/jung-wankim/Project/trader-api/node_modules/jest-circus/build/run.js:316:40)\n    at _runTest (/Users/jung-wankim/Project/trader-api/node_modules/jest-circus/build/run.js:252:3)\n    at _runTestsForDescribeBlock (/Users/jung-wankim/Project/trader-api/node_modules/jest-circus/build/run.js:126:9)\n    at _runTestsForDescribeBlock (/Users/jung-wankim/Project/trader-api/node_modules/jest-circus/build/run.js:121:9)\n    at _runTestsForDescribeBlock (/Users/jung-wankim/Project/trader-api/node_modules/jest-circus/build/run.js:121:9)\n    at run (/Users/jung-wankim/Project/trader-api/node_modules/jest-circus/build/run.js:71:3)\n    at runAndTransformResultsToJestFormat (/Users/jung-wankim/Project/trader-api/node_modules/jest-circus/build/legacy-code-todo-rewrite/jestAdapterInit.js:122:21)\n    at jestAdapter (/Users/jung-wankim/Project/trader-api/node_modules/jest-circus/build/legacy-code-todo-rewrite/jestAdapter.js:79:19)\n    at runTestInternal (/Users/jung-wankim/Project/trader-api/node_modules/jest-runner/build/runTest.js:367:16)\n    at runTest (/Users/jung-wankim/Project/trader-api/node_modules/jest-runner/build/runTest.js:444:34)"],"fullName":"Auth Middleware authorize should deny access for non-matching tier","invocations":1,"location":null,"numPassingAsserts":0,"retryReasons":[],"status":"failed","title":"should deny access for non-matching tier"},{"ancestorTitles":["Auth Middleware","authorize"],"duration":0,"failureDetails":[{"matcherResult":{"message":"expect(jest.fn()).toHaveBeenCalledWith(...expected)\n\nExpected: ObjectContaining {\"message\": \"Insufficient subscription tier\", \"status\": 403}\n\nNumber of calls: 0","pass":false}}],"failureMessages":["Error: expect(jest.fn()).toHaveBeenCalledWith(...expected)\n\nExpected: ObjectContaining {\"message\": \"Insufficient subscription tier\", \"status\": 403}\n\nNumber of calls: 0\n    at Object.toHaveBeenCalledWith (/Users/jung-wankim/Project/trader-api/tests/middleware/auth.test.js:159:20)\n    at Promise.then.completed (/Users/jung-wankim/Project/trader-api/node_modules/jest-circus/build/utils.js:298:28)\n    at new Promise (<anonymous>)\n    at callAsyncCircusFn (/Users/jung-wankim/Project/trader-api/node_modules/jest-circus/build/utils.js:231:10)\n    at _callCircusTest (/Users/jung-wankim/Project/trader-api/node_modules/jest-circus/build/run.js:316:40)\n    at _runTest (/Users/jung-wankim/Project/trader-api/node_modules/jest-circus/build/run.js:252:3)\n    at _runTestsForDescribeBlock (/Users/jung-wankim/Project/trader-api/node_modules/jest-circus/build/run.js:126:9)\n    at _runTestsForDescribeBlock (/Users/jung-wankim/Project/trader-api/node_modules/jest-circus/build/run.js:121:9)\n    at _runTestsForDescribeBlock (/Users/jung-wankim/Project/trader-api/node_modules/jest-circus/build/run.js:121:9)\n    at run (/Users/jung-wankim/Project/trader-api/node_modules/jest-circus/build/run.js:71:3)\n    at runAndTransformResultsToJestFormat (/Users/jung-wankim/Project/trader-api/node_modules/jest-circus/build/legacy-code-todo-rewrite/jestAdapterInit.js:122:21)\n    at jestAdapter (/Users/jung-wankim/Project/trader-api/node_modules/jest-circus/build/legacy-code-todo-rewrite/jestAdapter.js:79:19)\n    at runTestInternal (/Users/jung-wankim/Project/trader-api/node_modules/jest-runner/build/runTest.js:367:16)\n    at runTest (/Users/jung-wankim/Project/trader-api/node_modules/jest-runner/build/runTest.js:444:34)"],"fullName":"Auth Middleware authorize should handle missing user","invocations":1,"location":null,"numPassingAsserts":0,"retryReasons":[],"status":"failed","title":"should handle missing user"},{"ancestorTitles":["Auth Middleware","validateApiKey"],"duration":0,"failureDetails":[{}],"failureMessages":["TypeError: validateApiKey is not a function\n    at Object.validateApiKey (/Users/jung-wankim/Project/trader-api/tests/middleware/auth.test.js:185:13)\n    at Promise.then.completed (/Users/jung-wankim/Project/trader-api/node_modules/jest-circus/build/utils.js:298:28)\n    at new Promise (<anonymous>)\n    at callAsyncCircusFn (/Users/jung-wankim/Project/trader-api/node_modules/jest-circus/build/utils.js:231:10)\n    at _callCircusTest (/Users/jung-wankim/Project/trader-api/node_modules/jest-circus/build/run.js:316:40)\n    at _runTest (/Users/jung-wankim/Project/trader-api/node_modules/jest-circus/build/run.js:252:3)\n    at _runTestsForDescribeBlock (/Users/jung-wankim/Project/trader-api/node_modules/jest-circus/build/run.js:126:9)\n    at _runTestsForDescribeBlock (/Users/jung-wankim/Project/trader-api/node_modules/jest-circus/build/run.js:121:9)\n    at _runTestsForDescribeBlock (/Users/jung-wankim/Project/trader-api/node_modules/jest-circus/build/run.js:121:9)\n    at run (/Users/jung-wankim/Project/trader-api/node_modules/jest-circus/build/run.js:71:3)\n    at runAndTransformResultsToJestFormat (/Users/jung-wankim/Project/trader-api/node_modules/jest-circus/build/legacy-code-todo-rewrite/jestAdapterInit.js:122:21)\n    at jestAdapter (/Users/jung-wankim/Project/trader-api/node_modules/jest-circus/build/legacy-code-todo-rewrite/jestAdapter.js:79:19)\n    at runTestInternal (/Users/jung-wankim/Project/trader-api/node_modules/jest-runner/build/runTest.js:367:16)\n    at runTest (/Users/jung-wankim/Project/trader-api/node_modules/jest-runner/build/runTest.js:444:34)"],"fullName":"Auth Middleware validateApiKey should validate correct API key","invocations":1,"location":null,"numPassingAsserts":0,"retryReasons":[],"status":"failed","title":"should validate correct API key"},{"ancestorTitles":["Auth Middleware","validateApiKey"],"duration":0,"failureDetails":[{}],"failureMessages":["TypeError: validateApiKey is not a function\n    at Object.validateApiKey (/Users/jung-wankim/Project/trader-api/tests/middleware/auth.test.js:194:13)\n    at Promise.then.completed (/Users/jung-wankim/Project/trader-api/node_modules/jest-circus/build/utils.js:298:28)\n    at new Promise (<anonymous>)\n    at callAsyncCircusFn (/Users/jung-wankim/Project/trader-api/node_modules/jest-circus/build/utils.js:231:10)\n    at _callCircusTest (/Users/jung-wankim/Project/trader-api/node_modules/jest-circus/build/run.js:316:40)\n    at _runTest (/Users/jung-wankim/Project/trader-api/node_modules/jest-circus/build/run.js:252:3)\n    at _runTestsForDescribeBlock (/Users/jung-wankim/Project/trader-api/node_modules/jest-circus/build/run.js:126:9)\n    at _runTestsForDescribeBlock (/Users/jung-wankim/Project/trader-api/node_modules/jest-circus/build/run.js:121:9)\n    at _runTestsForDescribeBlock (/Users/jung-wankim/Project/trader-api/node_modules/jest-circus/build/run.js:121:9)\n    at run (/Users/jung-wankim/Project/trader-api/node_modules/jest-circus/build/run.js:71:3)\n    at runAndTransformResultsToJestFormat (/Users/jung-wankim/Project/trader-api/node_modules/jest-circus/build/legacy-code-todo-rewrite/jestAdapterInit.js:122:21)\n    at jestAdapter (/Users/jung-wankim/Project/trader-api/node_modules/jest-circus/build/legacy-code-todo-rewrite/jestAdapter.js:79:19)\n    at runTestInternal (/Users/jung-wankim/Project/trader-api/node_modules/jest-runner/build/runTest.js:367:16)\n    at runTest (/Users/jung-wankim/Project/trader-api/node_modules/jest-runner/build/runTest.js:444:34)"],"fullName":"Auth Middleware validateApiKey should reject missing API key","invocations":1,"location":null,"numPassingAsserts":0,"retryReasons":[],"status":"failed","title":"should reject missing API key"},{"ancestorTitles":["Auth Middleware","validateApiKey"],"duration":0,"failureDetails":[{}],"failureMessages":["TypeError: validateApiKey is not a function\n    at Object.validateApiKey (/Users/jung-wankim/Project/trader-api/tests/middleware/auth.test.js:216:13)\n    at Promise.then.completed (/Users/jung-wankim/Project/trader-api/node_modules/jest-circus/build/utils.js:298:28)\n    at new Promise (<anonymous>)\n    at callAsyncCircusFn (/Users/jung-wankim/Project/trader-api/node_modules/jest-circus/build/utils.js:231:10)\n    at _callCircusTest (/Users/jung-wankim/Project/trader-api/node_modules/jest-circus/build/run.js:316:40)\n    at _runTest (/Users/jung-wankim/Project/trader-api/node_modules/jest-circus/build/run.js:252:3)\n    at _runTestsForDescribeBlock (/Users/jung-wankim/Project/trader-api/node_modules/jest-circus/build/run.js:126:9)\n    at _runTestsForDescribeBlock (/Users/jung-wankim/Project/trader-api/node_modules/jest-circus/build/run.js:121:9)\n    at _runTestsForDescribeBlock (/Users/jung-wankim/Project/trader-api/node_modules/jest-circus/build/run.js:121:9)\n    at run (/Users/jung-wankim/Project/trader-api/node_modules/jest-circus/build/run.js:71:3)\n    at runAndTransformResultsToJestFormat (/Users/jung-wankim/Project/trader-api/node_modules/jest-circus/build/legacy-code-todo-rewrite/jestAdapterInit.js:122:21)\n    at jestAdapter (/Users/jung-wankim/Project/trader-api/node_modules/jest-circus/build/legacy-code-todo-rewrite/jestAdapter.js:79:19)\n    at runTestInternal (/Users/jung-wankim/Project/trader-api/node_modules/jest-runner/build/runTest.js:367:16)\n    at runTest (/Users/jung-wankim/Project/trader-api/node_modules/jest-runner/build/runTest.js:444:34)"],"fullName":"Auth Middleware validateApiKey should reject invalid API key","invocations":1,"location":null,"numPassingAsserts":0,"retryReasons":[],"status":"failed","title":"should reject invalid API key"},{"ancestorTitles":["Auth Middleware","validateApiKey"],"duration":0,"failureDetails":[{}],"failureMessages":["TypeError: validateApiKey is not a function\n    at Object.validateApiKey (/Users/jung-wankim/Project/trader-api/tests/middleware/auth.test.js:241:13)\n    at Promise.then.completed (/Users/jung-wankim/Project/trader-api/node_modules/jest-circus/build/utils.js:298:28)\n    at new Promise (<anonymous>)\n    at callAsyncCircusFn (/Users/jung-wankim/Project/trader-api/node_modules/jest-circus/build/utils.js:231:10)\n    at _callCircusTest (/Users/jung-wankim/Project/trader-api/node_modules/jest-circus/build/run.js:316:40)\n    at _runTest (/Users/jung-wankim/Project/trader-api/node_modules/jest-circus/build/run.js:252:3)\n    at _runTestsForDescribeBlock (/Users/jung-wankim/Project/trader-api/node_modules/jest-circus/build/run.js:126:9)\n    at _runTestsForDescribeBlock (/Users/jung-wankim/Project/trader-api/node_modules/jest-circus/build/run.js:121:9)\n    at _runTestsForDescribeBlock (/Users/jung-wankim/Project/trader-api/node_modules/jest-circus/build/run.js:121:9)\n    at run (/Users/jung-wankim/Project/trader-api/node_modules/jest-circus/build/run.js:71:3)\n    at runAndTransformResultsToJestFormat (/Users/jung-wankim/Project/trader-api/node_modules/jest-circus/build/legacy-code-todo-rewrite/jestAdapterInit.js:122:21)\n    at jestAdapter (/Users/jung-wankim/Project/trader-api/node_modules/jest-circus/build/legacy-code-todo-rewrite/jestAdapter.js:79:19)\n    at runTestInternal (/Users/jung-wankim/Project/trader-api/node_modules/jest-runner/build/runTest.js:367:16)\n    at runTest (/Users/jung-wankim/Project/trader-api/node_modules/jest-runner/build/runTest.js:444:34)"],"fullName":"Auth Middleware validateApiKey should reject inactive API key","invocations":1,"location":null,"numPassingAsserts":0,"retryReasons":[],"status":"failed","title":"should reject inactive API key"},{"ancestorTitles":["Auth Middleware","tierRateLimit"],"duration":0,"failureDetails":[{"matcherResult":{"message":"expect(received).toBeDefined()\n\nReceived: undefined","pass":false}}],"failureMessages":["Error: expect(received).toBeDefined()\n\nReceived: undefined\n    at Object.toBeDefined (/Users/jung-wankim/Project/trader-api/tests/middleware/auth.test.js:256:28)\n    at Promise.then.completed (/Users/jung-wankim/Project/trader-api/node_modules/jest-circus/build/utils.js:298:28)\n    at new Promise (<anonymous>)\n    at callAsyncCircusFn (/Users/jung-wankim/Project/trader-api/node_modules/jest-circus/build/utils.js:231:10)\n    at _callCircusTest (/Users/jung-wankim/Project/trader-api/node_modules/jest-circus/build/run.js:316:40)\n    at _runTest (/Users/jung-wankim/Project/trader-api/node_modules/jest-circus/build/run.js:252:3)\n    at _runTestsForDescribeBlock (/Users/jung-wankim/Project/trader-api/node_modules/jest-circus/build/run.js:126:9)\n    at _runTestsForDescribeBlock (/Users/jung-wankim/Project/trader-api/node_modules/jest-circus/build/run.js:121:9)\n    at _runTestsForDescribeBlock (/Users/jung-wankim/Project/trader-api/node_modules/jest-circus/build/run.js:121:9)\n    at run (/Users/jung-wankim/Project/trader-api/node_modules/jest-circus/build/run.js:71:3)\n    at runAndTransformResultsToJestFormat (/Users/jung-wankim/Project/trader-api/node_modules/jest-circus/build/legacy-code-todo-rewrite/jestAdapterInit.js:122:21)\n    at jestAdapter (/Users/jung-wankim/Project/trader-api/node_modules/jest-circus/build/legacy-code-todo-rewrite/jestAdapter.js:79:19)\n    at runTestInternal (/Users/jung-wankim/Project/trader-api/node_modules/jest-runner/build/runTest.js:367:16)\n    at runTest (/Users/jung-wankim/Project/trader-api/node_modules/jest-runner/build/runTest.js:444:34)"],"fullName":"Auth Middleware tierRateLimit should create tier-specific rate limiters","invocations":1,"location":null,"numPassingAsserts":0,"retryReasons":[],"status":"failed","title":"should create tier-specific rate limiters"}],"endTime":1749208308045,"message":"  ● Auth Middleware › authenticate › should authenticate valid token\n\n    expect(received).toEqual(expected) // deep equality\n\n    Expected: ObjectContaining {\"email\": \"test@example.com\", \"id\": \"user-123\", \"tier\": \"basic\"}\n    Received: undefined\n\n      54 |       await authenticate(req, res, next);\n      55 |\n    > 56 |       expect(req.user).toEqual(expect.objectContaining({\n         |                        ^\n      57 |         id: 'user-123',\n      58 |         email: 'test@example.com',\n      59 |         tier: 'basic'\n\n      at Object.toEqual (tests/middleware/auth.test.js:56:24)\n\n  ● Auth Middleware › authenticate › should reject missing token\n\n    expect(jest.fn()).toHaveBeenCalledWith(...expected)\n\n    Expected: ObjectContaining {\"message\": \"Authentication required\", \"status\": 401}\n\n    Number of calls: 0\n\n      65 |       await authenticate(req, res, next);\n      66 |\n    > 67 |       expect(next).toHaveBeenCalledWith(expect.objectContaining({\n         |                    ^\n      68 |         status: 401,\n      69 |         message: 'Authentication required'\n      70 |       }));\n\n      at Object.toHaveBeenCalledWith (tests/middleware/auth.test.js:67:20)\n\n  ● Auth Middleware › authenticate › should reject invalid token format\n\n    expect(jest.fn()).toHaveBeenCalledWith(...expected)\n\n    Expected: ObjectContaining {\"message\": \"Invalid token format\", \"status\": 401}\n\n    Number of calls: 0\n\n      76 |       await authenticate(req, res, next);\n      77 |\n    > 78 |       expect(next).toHaveBeenCalledWith(expect.objectContaining({\n         |                    ^\n      79 |         status: 401,\n      80 |         message: 'Invalid token format'\n      81 |       }));\n\n      at Object.toHaveBeenCalledWith (tests/middleware/auth.test.js:78:20)\n\n  ● Auth Middleware › authenticate › should handle JWT verification errors\n\n    expect(jest.fn()).toHaveBeenCalledWith(...expected)\n\n    Expected: ObjectContaining {\"message\": \"Invalid token\", \"status\": 401}\n\n    Number of calls: 0\n\n      90 |       await authenticate(req, res, next);\n      91 |\n    > 92 |       expect(next).toHaveBeenCalledWith(expect.objectContaining({\n         |                    ^\n      93 |         status: 401,\n      94 |         message: 'Invalid token'\n      95 |       }));\n\n      at Object.toHaveBeenCalledWith (tests/middleware/auth.test.js:92:20)\n\n  ● Auth Middleware › authenticate › should handle user not found\n\n    expect(jest.fn()).toHaveBeenCalledWith(...expected)\n\n    Expected: ObjectContaining {\"message\": \"User not found\", \"status\": 401}\n\n    Number of calls: 0\n\n      106 |       await authenticate(req, res, next);\n      107 |\n    > 108 |       expect(next).toHaveBeenCalledWith(expect.objectContaining({\n          |                    ^\n      109 |         status: 401,\n      110 |         message: 'User not found'\n      111 |       }));\n\n      at Object.toHaveBeenCalledWith (tests/middleware/auth.test.js:108:20)\n\n  ● Auth Middleware › authenticate › should handle database errors\n\n    expect(jest.fn()).toHaveBeenCalledWith(...expected)\n\n    Expected: ObjectContaining {\"message\": \"Database error\", \"status\": 401}\n\n    Number of calls: 0\n\n      122 |       await authenticate(req, res, next);\n      123 |\n    > 124 |       expect(next).toHaveBeenCalledWith(expect.objectContaining({\n          |                    ^\n      125 |         status: 401,\n      126 |         message: 'Database error'\n      127 |       }));\n\n      at Object.toHaveBeenCalledWith (tests/middleware/auth.test.js:124:20)\n\n  ● Auth Middleware › authorize › should deny access for non-matching tier\n\n    expect(jest.fn()).toHaveBeenCalledWith(...expected)\n\n    Expected: ObjectContaining {\"message\": \"Insufficient subscription tier\", \"status\": 403}\n    Received: called with 0 arguments\n\n    Number of calls: 1\n\n      146 |       middleware(req, res, next);\n      147 |\n    > 148 |       expect(next).toHaveBeenCalledWith(expect.objectContaining({\n          |                    ^\n      149 |         status: 403,\n      150 |         message: 'Insufficient subscription tier'\n      151 |       }));\n\n      at Object.toHaveBeenCalledWith (tests/middleware/auth.test.js:148:20)\n\n  ● Auth Middleware › authorize › should handle missing user\n\n    expect(jest.fn()).toHaveBeenCalledWith(...expected)\n\n    Expected: ObjectContaining {\"message\": \"Insufficient subscription tier\", \"status\": 403}\n\n    Number of calls: 0\n\n      157 |       middleware(req, res, next);\n      158 |\n    > 159 |       expect(next).toHaveBeenCalledWith(expect.objectContaining({\n          |                    ^\n      160 |         status: 403,\n      161 |         message: 'Insufficient subscription tier'\n      162 |       }));\n\n      at Object.toHaveBeenCalledWith (tests/middleware/auth.test.js:159:20)\n\n  ● Auth Middleware › validateApiKey › should validate correct API key\n\n    TypeError: validateApiKey is not a function\n\n      183 |       require('../../src/config/database').db.from.mockReturnValue(mockApiKey);\n      184 |\n    > 185 |       await validateApiKey(req, res, next);\n          |             ^\n      186 |\n      187 |       expect(req.apiKey).toEqual(expect.objectContaining({\n      188 |         id: 'key-123'\n\n      at Object.validateApiKey (tests/middleware/auth.test.js:185:13)\n\n  ● Auth Middleware › validateApiKey › should reject missing API key\n\n    TypeError: validateApiKey is not a function\n\n      192 |\n      193 |     it('should reject missing API key', async () => {\n    > 194 |       await validateApiKey(req, res, next);\n          |             ^\n      195 |\n      196 |       expect(next).toHaveBeenCalledWith(expect.objectContaining({\n      197 |         status: 401,\n\n      at Object.validateApiKey (tests/middleware/auth.test.js:194:13)\n\n  ● Auth Middleware › validateApiKey › should reject invalid API key\n\n    TypeError: validateApiKey is not a function\n\n      214 |       require('../../src/config/database').db.from.mockReturnValue(mockApiKey);\n      215 |\n    > 216 |       await validateApiKey(req, res, next);\n          |             ^\n      217 |\n      218 |       expect(next).toHaveBeenCalledWith(expect.objectContaining({\n      219 |         status: 401,\n\n      at Object.validateApiKey (tests/middleware/auth.test.js:216:13)\n\n  ● Auth Middleware › validateApiKey › should reject inactive API key\n\n    TypeError: validateApiKey is not a function\n\n      239 |       require('../../src/config/database').db.from.mockReturnValue(mockApiKey);\n      240 |\n    > 241 |       await validateApiKey(req, res, next);\n          |             ^\n      242 |\n      243 |       expect(next).toHaveBeenCalledWith(expect.objectContaining({\n      244 |         status: 401,\n\n      at Object.validateApiKey (tests/middleware/auth.test.js:241:13)\n\n  ● Auth Middleware › tierRateLimit › should create tier-specific rate limiters\n\n    expect(received).toBeDefined()\n\n    Received: undefined\n\n      254 |       const professionalLimiter = tierRateLimit.professional;\n      255 |\n    > 256 |       expect(basicLimiter).toBeDefined();\n          |                            ^\n      257 |       expect(premiumLimiter).toBeDefined();\n      258 |       expect(professionalLimiter).toBeDefined();\n      259 |       expect(typeof basicLimiter).toBe('function');\n\n      at Object.toBeDefined (tests/middleware/auth.test.js:256:28)\n","name":"/Users/jung-wankim/Project/trader-api/tests/middleware/auth.test.js","startTime":1749208307984,"status":"failed","summary":""},{"assertionResults":[{"ancestorTitles":["AuthController - Simple Tests","register"],"duration":1,"failureDetails":[{"matcherResult":{"message":"expect(jest.fn()).toHaveBeenCalledWith(...expected)\n\nExpected: ObjectContaining {\"message\": \"User already exists\", \"status\": 400}\nReceived: [TypeError: Cannot read properties of undefined (reading 'isEmpty')]\n\nNumber of calls: 1","pass":false}}],"failureMessages":["Error: expect(jest.fn()).toHaveBeenCalledWith(...expected)\n\nExpected: ObjectContaining {\"message\": \"User already exists\", \"status\": 400}\nReceived: [TypeError: Cannot read properties of undefined (reading 'isEmpty')]\n\nNumber of calls: 1\n    at Object.toHaveBeenCalledWith (/Users/jung-wankim/Project/trader-api/tests/controllers/authController.test.js:56:20)"],"fullName":"AuthController - Simple Tests register should handle registration errors gracefully","invocations":1,"location":null,"numPassingAsserts":0,"retryReasons":[],"status":"failed","title":"should handle registration errors gracefully"},{"ancestorTitles":["AuthController - Simple Tests","register"],"duration":0,"failureDetails":[],"failureMessages":[],"fullName":"AuthController - Simple Tests register should handle unexpected errors","invocations":1,"location":null,"numPassingAsserts":1,"retryReasons":[],"status":"passed","title":"should handle unexpected errors"},{"ancestorTitles":["AuthController - Simple Tests","login"],"duration":1,"failureDetails":[{"matcherResult":{"message":"expect(jest.fn()).toHaveBeenCalledWith(...expected)\n\nExpected: ObjectContaining {\"message\": \"Invalid credentials\", \"status\": 401}\nReceived: [TypeError: Cannot read properties of undefined (reading 'isEmpty')]\n\nNumber of calls: 1","pass":false}}],"failureMessages":["Error: expect(jest.fn()).toHaveBeenCalledWith(...expected)\n\nExpected: ObjectContaining {\"message\": \"Invalid credentials\", \"status\": 401}\nReceived: [TypeError: Cannot read properties of undefined (reading 'isEmpty')]\n\nNumber of calls: 1\n    at Object.toHaveBeenCalledWith (/Users/jung-wankim/Project/trader-api/tests/controllers/authController.test.js:90:20)"],"fullName":"AuthController - Simple Tests login should handle invalid credentials","invocations":1,"location":null,"numPassingAsserts":0,"retryReasons":[],"status":"failed","title":"should handle invalid credentials"},{"ancestorTitles":["AuthController - Simple Tests","logout"],"duration":1,"failureDetails":[{"matcherResult":{"message":"expect(jest.fn()).toHaveBeenCalledWith(...expected)\n\n- Expected\n+ Received\n\n  Object {\n-   \"message\": \"Logged out successfully\",\n+   \"message\": \"Logout successful\",\n  },\n\nNumber of calls: 1","pass":false}}],"failureMessages":["Error: expect(jest.fn()).toHaveBeenCalledWith(...expected)\n\n- Expected\n+ Received\n\n  Object {\n-   \"message\": \"Logged out successfully\",\n+   \"message\": \"Logout successful\",\n  },\n\nNumber of calls: 1\n    at Object.toHaveBeenCalledWith (/Users/jung-wankim/Project/trader-api/tests/controllers/authController.test.js:103:24)"],"fullName":"AuthController - Simple Tests logout should handle logout without token","invocations":1,"location":null,"numPassingAsserts":0,"retryReasons":[],"status":"failed","title":"should handle logout without token"},{"ancestorTitles":["AuthController - Simple Tests","logout"],"duration":0,"failureDetails":[{"matcherResult":{"message":"expect(jest.fn()).toHaveBeenCalledWith(...expected)\n\n- Expected\n+ Received\n\n  Object {\n-   \"message\": \"Logged out successfully\",\n+   \"message\": \"Logout successful\",\n  },\n\nNumber of calls: 1","pass":false}}],"failureMessages":["Error: expect(jest.fn()).toHaveBeenCalledWith(...expected)\n\n- Expected\n+ Received\n\n  Object {\n-   \"message\": \"Logged out successfully\",\n+   \"message\": \"Logout successful\",\n  },\n\nNumber of calls: 1\n    at Object.toHaveBeenCalledWith (/Users/jung-wankim/Project/trader-api/tests/controllers/authController.test.js:114:24)"],"fullName":"AuthController - Simple Tests logout should handle logout with token","invocations":1,"location":null,"numPassingAsserts":0,"retryReasons":[],"status":"failed","title":"should handle logout with token"},{"ancestorTitles":["AuthController - Simple Tests","changePassword"],"duration":0,"failureDetails":[{"matcherResult":{"message":"expect(jest.fn()).toHaveBeenCalledWith(...expected)\n\nExpected: ObjectContaining {\"status\": 400}\nReceived: [TypeError: Cannot read properties of undefined (reading 'isEmpty')]\n\nNumber of calls: 1","pass":false}}],"failureMessages":["Error: expect(jest.fn()).toHaveBeenCalledWith(...expected)\n\nExpected: ObjectContaining {\"status\": 400}\nReceived: [TypeError: Cannot read properties of undefined (reading 'isEmpty')]\n\nNumber of calls: 1\n    at Object.toHaveBeenCalledWith (/Users/jung-wankim/Project/trader-api/tests/controllers/authController.test.js:133:20)"],"fullName":"AuthController - Simple Tests changePassword should handle password update errors","invocations":1,"location":null,"numPassingAsserts":0,"retryReasons":[],"status":"failed","title":"should handle password update errors"},{"ancestorTitles":["AuthController - Simple Tests","deleteAccount"],"duration":0,"failureDetails":[],"failureMessages":[],"fullName":"AuthController - Simple Tests deleteAccount should handle account deletion errors","invocations":1,"location":null,"numPassingAsserts":1,"retryReasons":[],"status":"passed","title":"should handle account deletion errors"},{"ancestorTitles":["AuthController - Simple Tests","refreshToken"],"duration":1,"failureDetails":[{"matcherResult":{"message":"expect(jest.fn()).toHaveBeenCalledWith(...expected)\n\nExpected: ObjectContaining {\"message\": \"Refresh token required\", \"status\": 400}\n\nNumber of calls: 0","pass":false}}],"failureMessages":["Error: expect(jest.fn()).toHaveBeenCalledWith(...expected)\n\nExpected: ObjectContaining {\"message\": \"Refresh token required\", \"status\": 400}\n\nNumber of calls: 0\n    at Object.toHaveBeenCalledWith (/Users/jung-wankim/Project/trader-api/tests/controllers/authController.test.js:161:20)"],"fullName":"AuthController - Simple Tests refreshToken should handle missing refresh token","invocations":1,"location":null,"numPassingAsserts":0,"retryReasons":[],"status":"failed","title":"should handle missing refresh token"}],"endTime":1749208308073,"message":"  ● AuthController - Simple Tests › register › should handle registration errors gracefully\n\n    expect(jest.fn()).toHaveBeenCalledWith(...expected)\n\n    Expected: ObjectContaining {\"message\": \"User already exists\", \"status\": 400}\n    Received: [TypeError: Cannot read properties of undefined (reading 'isEmpty')]\n\n    Number of calls: 1\n\n      54 |       await authController.register(req, res, next);\n      55 |\n    > 56 |       expect(next).toHaveBeenCalledWith(expect.objectContaining({\n         |                    ^\n      57 |         status: 400,\n      58 |         message: 'User already exists'\n      59 |       }));\n\n      at Object.toHaveBeenCalledWith (tests/controllers/authController.test.js:56:20)\n\n  ● AuthController - Simple Tests › login › should handle invalid credentials\n\n    expect(jest.fn()).toHaveBeenCalledWith(...expected)\n\n    Expected: ObjectContaining {\"message\": \"Invalid credentials\", \"status\": 401}\n    Received: [TypeError: Cannot read properties of undefined (reading 'isEmpty')]\n\n    Number of calls: 1\n\n      88 |       await authController.login(req, res, next);\n      89 |\n    > 90 |       expect(next).toHaveBeenCalledWith(expect.objectContaining({\n         |                    ^\n      91 |         status: 401,\n      92 |         message: 'Invalid credentials'\n      93 |       }));\n\n      at Object.toHaveBeenCalledWith (tests/controllers/authController.test.js:90:20)\n\n  ● AuthController - Simple Tests › logout › should handle logout without token\n\n    expect(jest.fn()).toHaveBeenCalledWith(...expected)\n\n    - Expected\n    + Received\n\n      Object {\n    -   \"message\": \"Logged out successfully\",\n    +   \"message\": \"Logout successful\",\n      },\n\n    Number of calls: 1\n\n      101 |       await authController.logout(req, res, next);\n      102 |\n    > 103 |       expect(res.json).toHaveBeenCalledWith({\n          |                        ^\n      104 |         message: 'Logged out successfully'\n      105 |       });\n      106 |     });\n\n      at Object.toHaveBeenCalledWith (tests/controllers/authController.test.js:103:24)\n\n  ● AuthController - Simple Tests › logout › should handle logout with token\n\n    expect(jest.fn()).toHaveBeenCalledWith(...expected)\n\n    - Expected\n    + Received\n\n      Object {\n    -   \"message\": \"Logged out successfully\",\n    +   \"message\": \"Logout successful\",\n      },\n\n    Number of calls: 1\n\n      112 |       await authController.logout(req, res, next);\n      113 |\n    > 114 |       expect(res.json).toHaveBeenCalledWith({\n          |                        ^\n      115 |         message: 'Logged out successfully'\n      116 |       });\n      117 |     });\n\n      at Object.toHaveBeenCalledWith (tests/controllers/authController.test.js:114:24)\n\n  ● AuthController - Simple Tests › changePassword › should handle password update errors\n\n    expect(jest.fn()).toHaveBeenCalledWith(...expected)\n\n    Expected: ObjectContaining {\"status\": 400}\n    Received: [TypeError: Cannot read properties of undefined (reading 'isEmpty')]\n\n    Number of calls: 1\n\n      131 |       await authController.changePassword(req, res, next);\n      132 |\n    > 133 |       expect(next).toHaveBeenCalledWith(expect.objectContaining({\n          |                    ^\n      134 |         status: 400\n      135 |       }));\n      136 |     });\n\n      at Object.toHaveBeenCalledWith (tests/controllers/authController.test.js:133:20)\n\n  ● AuthController - Simple Tests › refreshToken › should handle missing refresh token\n\n    expect(jest.fn()).toHaveBeenCalledWith(...expected)\n\n    Expected: ObjectContaining {\"message\": \"Refresh token required\", \"status\": 400}\n\n    Number of calls: 0\n\n      159 |       await authController.refreshToken(req, res, next);\n      160 |\n    > 161 |       expect(next).toHaveBeenCalledWith(expect.objectContaining({\n          |                    ^\n      162 |         status: 400,\n      163 |         message: 'Refresh token required'\n      164 |       }));\n\n      at Object.toHaveBeenCalledWith (tests/controllers/authController.test.js:161:20)\n","name":"/Users/jung-wankim/Project/trader-api/tests/controllers/authController.test.js","startTime":1749208308050,"status":"failed","summary":""},{"assertionResults":[{"ancestorTitles":["Rate Limiter Middleware"],"duration":1,"failureDetails":[{"matcherResult":{"actual":"undefined","expected":"function","message":"expect(received).toBe(expected) // Object.is equality\n\nExpected: \"function\"\nReceived: \"undefined\"","name":"toBe","pass":false}}],"failureMessages":["Error: expect(received).toBe(expected) // Object.is equality\n\nExpected: \"function\"\nReceived: \"undefined\"\n    at Object.toBe (/Users/jung-wankim/Project/trader-api/tests/middleware/rateLimiter.test.js:6:50)\n    at Promise.then.completed (/Users/jung-wankim/Project/trader-api/node_modules/jest-circus/build/utils.js:298:28)\n    at new Promise (<anonymous>)\n    at callAsyncCircusFn (/Users/jung-wankim/Project/trader-api/node_modules/jest-circus/build/utils.js:231:10)\n    at _callCircusTest (/Users/jung-wankim/Project/trader-api/node_modules/jest-circus/build/run.js:316:40)\n    at _runTest (/Users/jung-wankim/Project/trader-api/node_modules/jest-circus/build/run.js:252:3)\n    at _runTestsForDescribeBlock (/Users/jung-wankim/Project/trader-api/node_modules/jest-circus/build/run.js:126:9)\n    at _runTestsForDescribeBlock (/Users/jung-wankim/Project/trader-api/node_modules/jest-circus/build/run.js:121:9)\n    at run (/Users/jung-wankim/Project/trader-api/node_modules/jest-circus/build/run.js:71:3)\n    at runAndTransformResultsToJestFormat (/Users/jung-wankim/Project/trader-api/node_modules/jest-circus/build/legacy-code-todo-rewrite/jestAdapterInit.js:122:21)\n    at jestAdapter (/Users/jung-wankim/Project/trader-api/node_modules/jest-circus/build/legacy-code-todo-rewrite/jestAdapter.js:79:19)\n    at runTestInternal (/Users/jung-wankim/Project/trader-api/node_modules/jest-runner/build/runTest.js:367:16)\n    at runTest (/Users/jung-wankim/Project/trader-api/node_modules/jest-runner/build/runTest.js:444:34)"],"fullName":"Rate Limiter Middleware should export rate limiter functions","invocations":1,"location":null,"numPassingAsserts":1,"retryReasons":[],"status":"failed","title":"should export rate limiter functions"},{"ancestorTitles":["Rate Limiter Middleware"],"duration":0,"failureDetails":[{}],"failureMessages":["TypeError: rateLimiter.createRateLimiter is not a function\n    at Object.createRateLimiter (/Users/jung-wankim/Project/trader-api/tests/middleware/rateLimiter.test.js:12:39)\n    at Promise.then.completed (/Users/jung-wankim/Project/trader-api/node_modules/jest-circus/build/utils.js:298:28)\n    at new Promise (<anonymous>)\n    at callAsyncCircusFn (/Users/jung-wankim/Project/trader-api/node_modules/jest-circus/build/utils.js:231:10)\n    at _callCircusTest (/Users/jung-wankim/Project/trader-api/node_modules/jest-circus/build/run.js:316:40)\n    at _runTest (/Users/jung-wankim/Project/trader-api/node_modules/jest-circus/build/run.js:252:3)\n    at _runTestsForDescribeBlock (/Users/jung-wankim/Project/trader-api/node_modules/jest-circus/build/run.js:126:9)\n    at _runTestsForDescribeBlock (/Users/jung-wankim/Project/trader-api/node_modules/jest-circus/build/run.js:121:9)\n    at run (/Users/jung-wankim/Project/trader-api/node_modules/jest-circus/build/run.js:71:3)\n    at runAndTransformResultsToJestFormat (/Users/jung-wankim/Project/trader-api/node_modules/jest-circus/build/legacy-code-todo-rewrite/jestAdapterInit.js:122:21)\n    at jestAdapter (/Users/jung-wankim/Project/trader-api/node_modules/jest-circus/build/legacy-code-todo-rewrite/jestAdapter.js:79:19)\n    at runTestInternal (/Users/jung-wankim/Project/trader-api/node_modules/jest-runner/build/runTest.js:367:16)\n    at runTest (/Users/jung-wankim/Project/trader-api/node_modules/jest-runner/build/runTest.js:444:34)"],"fullName":"Rate Limiter Middleware should create rate limiter with custom options","invocations":1,"location":null,"numPassingAsserts":0,"retryReasons":[],"status":"failed","title":"should create rate limiter with custom options"},{"ancestorTitles":["Rate Limiter Middleware"],"duration":0,"failureDetails":[{}],"failureMessages":["TypeError: rateLimiter.createRateLimiter is not a function\n    at Object.createRateLimiter (/Users/jung-wankim/Project/trader-api/tests/middleware/rateLimiter.test.js:22:39)\n    at Promise.then.completed (/Users/jung-wankim/Project/trader-api/node_modules/jest-circus/build/utils.js:298:28)\n    at new Promise (<anonymous>)\n    at callAsyncCircusFn (/Users/jung-wankim/Project/trader-api/node_modules/jest-circus/build/utils.js:231:10)\n    at _callCircusTest (/Users/jung-wankim/Project/trader-api/node_modules/jest-circus/build/run.js:316:40)\n    at _runTest (/Users/jung-wankim/Project/trader-api/node_modules/jest-circus/build/run.js:252:3)\n    at _runTestsForDescribeBlock (/Users/jung-wankim/Project/trader-api/node_modules/jest-circus/build/run.js:126:9)\n    at _runTestsForDescribeBlock (/Users/jung-wankim/Project/trader-api/node_modules/jest-circus/build/run.js:121:9)\n    at run (/Users/jung-wankim/Project/trader-api/node_modules/jest-circus/build/run.js:71:3)\n    at runAndTransformResultsToJestFormat (/Users/jung-wankim/Project/trader-api/node_modules/jest-circus/build/legacy-code-todo-rewrite/jestAdapterInit.js:122:21)\n    at jestAdapter (/Users/jung-wankim/Project/trader-api/node_modules/jest-circus/build/legacy-code-todo-rewrite/jestAdapter.js:79:19)\n    at runTestInternal (/Users/jung-wankim/Project/trader-api/node_modules/jest-runner/build/runTest.js:367:16)\n    at runTest (/Users/jung-wankim/Project/trader-api/node_modules/jest-runner/build/runTest.js:444:34)"],"fullName":"Rate Limiter Middleware should create rate limiter with message function","invocations":1,"location":null,"numPassingAsserts":0,"retryReasons":[],"status":"failed","title":"should create rate limiter with message function"},{"ancestorTitles":["Rate Limiter Middleware"],"duration":1,"failureDetails":[{"matcherResult":{"message":"expect(received).toBeDefined()\n\nReceived: undefined","pass":false}}],"failureMessages":["Error: expect(received).toBeDefined()\n\nReceived: undefined\n    at Object.toBeDefined (/Users/jung-wankim/Project/trader-api/tests/middleware/rateLimiter.test.js:35:36)\n    at Promise.then.completed (/Users/jung-wankim/Project/trader-api/node_modules/jest-circus/build/utils.js:298:28)\n    at new Promise (<anonymous>)\n    at callAsyncCircusFn (/Users/jung-wankim/Project/trader-api/node_modules/jest-circus/build/utils.js:231:10)\n    at _callCircusTest (/Users/jung-wankim/Project/trader-api/node_modules/jest-circus/build/run.js:316:40)\n    at _runTest (/Users/jung-wankim/Project/trader-api/node_modules/jest-circus/build/run.js:252:3)\n    at _runTestsForDescribeBlock (/Users/jung-wankim/Project/trader-api/node_modules/jest-circus/build/run.js:126:9)\n    at _runTestsForDescribeBlock (/Users/jung-wankim/Project/trader-api/node_modules/jest-circus/build/run.js:121:9)\n    at run (/Users/jung-wankim/Project/trader-api/node_modules/jest-circus/build/run.js:71:3)\n    at runAndTransformResultsToJestFormat (/Users/jung-wankim/Project/trader-api/node_modules/jest-circus/build/legacy-code-todo-rewrite/jestAdapterInit.js:122:21)\n    at jestAdapter (/Users/jung-wankim/Project/trader-api/node_modules/jest-circus/build/legacy-code-todo-rewrite/jestAdapter.js:79:19)\n    at runTestInternal (/Users/jung-wankim/Project/trader-api/node_modules/jest-runner/build/runTest.js:367:16)\n    at runTest (/Users/jung-wankim/Project/trader-api/node_modules/jest-runner/build/runTest.js:444:34)"],"fullName":"Rate Limiter Middleware should have different limits for different limiters","invocations":1,"location":null,"numPassingAsserts":0,"retryReasons":[],"status":"failed","title":"should have different limits for different limiters"},{"ancestorTitles":["Rate Limiter Middleware"],"duration":0,"failureDetails":[{}],"failureMessages":["TypeError: rateLimiter.createRateLimiter is not a function\n    at Object.createRateLimiter (/Users/jung-wankim/Project/trader-api/tests/middleware/rateLimiter.test.js:41:37)\n    at Promise.then.completed (/Users/jung-wankim/Project/trader-api/node_modules/jest-circus/build/utils.js:298:28)\n    at new Promise (<anonymous>)\n    at callAsyncCircusFn (/Users/jung-wankim/Project/trader-api/node_modules/jest-circus/build/utils.js:231:10)\n    at _callCircusTest (/Users/jung-wankim/Project/trader-api/node_modules/jest-circus/build/run.js:316:40)\n    at _runTest (/Users/jung-wankim/Project/trader-api/node_modules/jest-circus/build/run.js:252:3)\n    at _runTestsForDescribeBlock (/Users/jung-wankim/Project/trader-api/node_modules/jest-circus/build/run.js:126:9)\n    at _runTestsForDescribeBlock (/Users/jung-wankim/Project/trader-api/node_modules/jest-circus/build/run.js:121:9)\n    at run (/Users/jung-wankim/Project/trader-api/node_modules/jest-circus/build/run.js:71:3)\n    at runAndTransformResultsToJestFormat (/Users/jung-wankim/Project/trader-api/node_modules/jest-circus/build/legacy-code-todo-rewrite/jestAdapterInit.js:122:21)\n    at jestAdapter (/Users/jung-wankim/Project/trader-api/node_modules/jest-circus/build/legacy-code-todo-rewrite/jestAdapter.js:79:19)\n    at runTestInternal (/Users/jung-wankim/Project/trader-api/node_modules/jest-runner/build/runTest.js:367:16)\n    at runTest (/Users/jung-wankim/Project/trader-api/node_modules/jest-runner/build/runTest.js:444:34)"],"fullName":"Rate Limiter Middleware should handle skip function","invocations":1,"location":null,"numPassingAsserts":0,"retryReasons":[],"status":"failed","title":"should handle skip function"},{"ancestorTitles":["Rate Limiter Middleware"],"duration":0,"failureDetails":[{}],"failureMessages":["TypeError: rateLimiter.createRateLimiter is not a function\n    at Object.createRateLimiter (/Users/jung-wankim/Project/trader-api/tests/middleware/rateLimiter.test.js:51:33)\n    at Promise.then.completed (/Users/jung-wankim/Project/trader-api/node_modules/jest-circus/build/utils.js:298:28)\n    at new Promise (<anonymous>)\n    at callAsyncCircusFn (/Users/jung-wankim/Project/trader-api/node_modules/jest-circus/build/utils.js:231:10)\n    at _callCircusTest (/Users/jung-wankim/Project/trader-api/node_modules/jest-circus/build/run.js:316:40)\n    at _runTest (/Users/jung-wankim/Project/trader-api/node_modules/jest-circus/build/run.js:252:3)\n    at _runTestsForDescribeBlock (/Users/jung-wankim/Project/trader-api/node_modules/jest-circus/build/run.js:126:9)\n    at _runTestsForDescribeBlock (/Users/jung-wankim/Project/trader-api/node_modules/jest-circus/build/run.js:121:9)\n    at run (/Users/jung-wankim/Project/trader-api/node_modules/jest-circus/build/run.js:71:3)\n    at runAndTransformResultsToJestFormat (/Users/jung-wankim/Project/trader-api/node_modules/jest-circus/build/legacy-code-todo-rewrite/jestAdapterInit.js:122:21)\n    at jestAdapter (/Users/jung-wankim/Project/trader-api/node_modules/jest-circus/build/legacy-code-todo-rewrite/jestAdapter.js:79:19)\n    at runTestInternal (/Users/jung-wankim/Project/trader-api/node_modules/jest-runner/build/runTest.js:367:16)\n    at runTest (/Users/jung-wankim/Project/trader-api/node_modules/jest-runner/build/runTest.js:444:34)"],"fullName":"Rate Limiter Middleware should handle standardHeaders option","invocations":1,"location":null,"numPassingAsserts":0,"retryReasons":[],"status":"failed","title":"should handle standardHeaders option"}],"endTime":1749208308098,"message":"  ● Rate Limiter Middleware › should export rate limiter functions\n\n    expect(received).toBe(expected) // Object.is equality\n\n    Expected: \"function\"\n    Received: \"undefined\"\n\n      4 |   it('should export rate limiter functions', () => {\n      5 |     expect(rateLimiter).toBeDefined();\n    > 6 |     expect(typeof rateLimiter.createRateLimiter).toBe('function');\n        |                                                  ^\n      7 |     expect(typeof rateLimiter.apiLimiter).toBe('function');\n      8 |     expect(typeof rateLimiter.authLimiter).toBe('function');\n      9 |   });\n\n      at Object.toBe (tests/middleware/rateLimiter.test.js:6:50)\n\n  ● Rate Limiter Middleware › should create rate limiter with custom options\n\n    TypeError: rateLimiter.createRateLimiter is not a function\n\n      10 |\n      11 |   it('should create rate limiter with custom options', () => {\n    > 12 |     const customLimiter = rateLimiter.createRateLimiter({\n         |                                       ^\n      13 |       windowMs: 5 * 60 * 1000,\n      14 |       max: 10\n      15 |     });\n\n      at Object.createRateLimiter (tests/middleware/rateLimiter.test.js:12:39)\n\n  ● Rate Limiter Middleware › should create rate limiter with message function\n\n    TypeError: rateLimiter.createRateLimiter is not a function\n\n      20 |\n      21 |   it('should create rate limiter with message function', () => {\n    > 22 |     const customLimiter = rateLimiter.createRateLimiter({\n         |                                       ^\n      23 |       windowMs: 1 * 60 * 1000,\n      24 |       max: 5,\n      25 |       message: (req, res) => {\n\n      at Object.createRateLimiter (tests/middleware/rateLimiter.test.js:22:39)\n\n  ● Rate Limiter Middleware › should have different limits for different limiters\n\n    expect(received).toBeDefined()\n\n    Received: undefined\n\n      33 |   it('should have different limits for different limiters', () => {\n      34 |     // API limiter와 Auth limiter는 다른 설정을 가져야 함\n    > 35 |     expect(rateLimiter.apiLimiter).toBeDefined();\n         |                                    ^\n      36 |     expect(rateLimiter.authLimiter).toBeDefined();\n      37 |     expect(rateLimiter.apiLimiter).not.toBe(rateLimiter.authLimiter);\n      38 |   });\n\n      at Object.toBeDefined (tests/middleware/rateLimiter.test.js:35:36)\n\n  ● Rate Limiter Middleware › should handle skip function\n\n    TypeError: rateLimiter.createRateLimiter is not a function\n\n      39 |\n      40 |   it('should handle skip function', () => {\n    > 41 |     const skipLimiter = rateLimiter.createRateLimiter({\n         |                                     ^\n      42 |       windowMs: 1 * 60 * 1000,\n      43 |       max: 5,\n      44 |       skip: (req) => req.ip === '127.0.0.1'\n\n      at Object.createRateLimiter (tests/middleware/rateLimiter.test.js:41:37)\n\n  ● Rate Limiter Middleware › should handle standardHeaders option\n\n    TypeError: rateLimiter.createRateLimiter is not a function\n\n      49 |\n      50 |   it('should handle standardHeaders option', () => {\n    > 51 |     const limiter = rateLimiter.createRateLimiter({\n         |                                 ^\n      52 |       windowMs: 1 * 60 * 1000,\n      53 |       max: 100,\n      54 |       standardHeaders: true,\n\n      at Object.createRateLimiter (tests/middleware/rateLimiter.test.js:51:33)\n","name":"/Users/jung-wankim/Project/trader-api/tests/middleware/rateLimiter.test.js","startTime":1749208308077,"status":"failed","summary":""},{"assertionResults":[{"ancestorTitles":["Logger Utility"],"duration":1,"failureDetails":[{"matcherResult":{"message":"expect(received).toBeDefined()\n\nReceived: undefined","pass":false}}],"failureMessages":["Error: expect(received).toBeDefined()\n\nReceived: undefined\n    at Object.toBeDefined (/Users/jung-wankim/Project/trader-api/tests/utils/logger.test.js:7:31)\n    at Promise.then.completed (/Users/jung-wankim/Project/trader-api/node_modules/jest-circus/build/utils.js:298:28)\n    at new Promise (<anonymous>)\n    at callAsyncCircusFn (/Users/jung-wankim/Project/trader-api/node_modules/jest-circus/build/utils.js:231:10)\n    at _callCircusTest (/Users/jung-wankim/Project/trader-api/node_modules/jest-circus/build/run.js:316:40)\n    at _runTest (/Users/jung-wankim/Project/trader-api/node_modules/jest-circus/build/run.js:252:3)\n    at _runTestsForDescribeBlock (/Users/jung-wankim/Project/trader-api/node_modules/jest-circus/build/run.js:126:9)\n    at _runTestsForDescribeBlock (/Users/jung-wankim/Project/trader-api/node_modules/jest-circus/build/run.js:121:9)\n    at run (/Users/jung-wankim/Project/trader-api/node_modules/jest-circus/build/run.js:71:3)\n    at runAndTransformResultsToJestFormat (/Users/jung-wankim/Project/trader-api/node_modules/jest-circus/build/legacy-code-todo-rewrite/jestAdapterInit.js:122:21)\n    at jestAdapter (/Users/jung-wankim/Project/trader-api/node_modules/jest-circus/build/legacy-code-todo-rewrite/jestAdapter.js:79:19)\n    at runTestInternal (/Users/jung-wankim/Project/trader-api/node_modules/jest-runner/build/runTest.js:367:16)\n    at runTest (/Users/jung-wankim/Project/trader-api/node_modules/jest-runner/build/runTest.js:444:34)"],"fullName":"Logger Utility should create logger instance","invocations":1,"location":null,"numPassingAsserts":1,"retryReasons":[],"status":"failed","title":"should create logger instance"},{"ancestorTitles":["Logger Utility"],"duration":0,"failureDetails":[],"failureMessages":[],"fullName":"Logger Utility should have all log methods","invocations":1,"location":null,"numPassingAsserts":4,"retryReasons":[],"status":"passed","title":"should have all log methods"},{"ancestorTitles":["Logger Utility"],"duration":1,"failureDetails":[{"matcherResult":{"expected":"silent","message":"expect(received).toBe(expected) // Object.is equality\n\nExpected: \"silent\"\nReceived: undefined","name":"toBe","pass":false}}],"failureMessages":["Error: expect(received).toBe(expected) // Object.is equality\n\nExpected: \"silent\"\nReceived: undefined\n    at Object.toBe (/Users/jung-wankim/Project/trader-api/tests/utils/logger.test.js:19:26)\n    at Promise.then.completed (/Users/jung-wankim/Project/trader-api/node_modules/jest-circus/build/utils.js:298:28)\n    at new Promise (<anonymous>)\n    at callAsyncCircusFn (/Users/jung-wankim/Project/trader-api/node_modules/jest-circus/build/utils.js:231:10)\n    at _callCircusTest (/Users/jung-wankim/Project/trader-api/node_modules/jest-circus/build/run.js:316:40)\n    at _runTest (/Users/jung-wankim/Project/trader-api/node_modules/jest-circus/build/run.js:252:3)\n    at _runTestsForDescribeBlock (/Users/jung-wankim/Project/trader-api/node_modules/jest-circus/build/run.js:126:9)\n    at _runTestsForDescribeBlock (/Users/jung-wankim/Project/trader-api/node_modules/jest-circus/build/run.js:121:9)\n    at run (/Users/jung-wankim/Project/trader-api/node_modules/jest-circus/build/run.js:71:3)\n    at runAndTransformResultsToJestFormat (/Users/jung-wankim/Project/trader-api/node_modules/jest-circus/build/legacy-code-todo-rewrite/jestAdapterInit.js:122:21)\n    at jestAdapter (/Users/jung-wankim/Project/trader-api/node_modules/jest-circus/build/legacy-code-todo-rewrite/jestAdapter.js:79:19)\n    at runTestInternal (/Users/jung-wankim/Project/trader-api/node_modules/jest-runner/build/runTest.js:367:16)\n    at runTest (/Users/jung-wankim/Project/trader-api/node_modules/jest-runner/build/runTest.js:444:34)"],"fullName":"Logger Utility should have correct log level in test environment","invocations":1,"location":null,"numPassingAsserts":0,"retryReasons":[],"status":"failed","title":"should have correct log level in test environment"},{"ancestorTitles":["Logger Utility"],"duration":0,"failureDetails":[],"failureMessages":[],"fullName":"Logger Utility should log without errors","invocations":1,"location":null,"numPassingAsserts":4,"retryReasons":[],"status":"passed","title":"should log without errors"},{"ancestorTitles":["Logger Utility"],"duration":0,"failureDetails":[],"failureMessages":[],"fullName":"Logger Utility should handle log with metadata","invocations":1,"location":null,"numPassingAsserts":2,"retryReasons":[],"status":"passed","title":"should handle log with metadata"},{"ancestorTitles":["Logger Utility"],"duration":0,"failureDetails":[],"failureMessages":[],"fullName":"Logger Utility should handle various log formats","invocations":1,"location":null,"numPassingAsserts":3,"retryReasons":[],"status":"passed","title":"should handle various log formats"}],"endTime":1749208308117,"message":"  ● Logger Utility › should create logger instance\n\n    expect(received).toBeDefined()\n\n    Received: undefined\n\n       5 |   it('should create logger instance', () => {\n       6 |     expect(logger).toBeDefined();\n    >  7 |     expect(logger.transports).toBeDefined();\n         |                               ^\n       8 |   });\n       9 |\n      10 |   it('should have all log methods', () => {\n\n      at Object.toBeDefined (tests/utils/logger.test.js:7:31)\n\n  ● Logger Utility › should have correct log level in test environment\n\n    expect(received).toBe(expected) // Object.is equality\n\n    Expected: \"silent\"\n    Received: undefined\n\n      17 |   it('should have correct log level in test environment', () => {\n      18 |     // 테스트 환경에서는 silent 레벨이어야 함\n    > 19 |     expect(logger.level).toBe('silent');\n         |                          ^\n      20 |   });\n      21 |\n      22 |   it('should log without errors', () => {\n\n      at Object.toBe (tests/utils/logger.test.js:19:26)\n","name":"/Users/jung-wankim/Project/trader-api/tests/utils/logger.test.js","startTime":1749208308099,"status":"failed","summary":""},{"assertionResults":[{"ancestorTitles":["FinnhubService","constructor"],"duration":0,"failureDetails":[{}],"failureMessages":["TypeError: FinnhubService is not a constructor\n    at Object.<anonymous> (/Users/jung-wankim/Project/trader-api/tests/services/finnhubService.test.js:20:15)\n    at Promise.then.completed (/Users/jung-wankim/Project/trader-api/node_modules/jest-circus/build/utils.js:298:28)\n    at new Promise (<anonymous>)\n    at callAsyncCircusFn (/Users/jung-wankim/Project/trader-api/node_modules/jest-circus/build/utils.js:231:10)\n    at _callCircusHook (/Users/jung-wankim/Project/trader-api/node_modules/jest-circus/build/run.js:281:40)\n    at _runTest (/Users/jung-wankim/Project/trader-api/node_modules/jest-circus/build/run.js:246:5)\n    at _runTestsForDescribeBlock (/Users/jung-wankim/Project/trader-api/node_modules/jest-circus/build/run.js:126:9)\n    at _runTestsForDescribeBlock (/Users/jung-wankim/Project/trader-api/node_modules/jest-circus/build/run.js:121:9)\n    at _runTestsForDescribeBlock (/Users/jung-wankim/Project/trader-api/node_modules/jest-circus/build/run.js:121:9)\n    at run (/Users/jung-wankim/Project/trader-api/node_modules/jest-circus/build/run.js:71:3)\n    at runAndTransformResultsToJestFormat (/Users/jung-wankim/Project/trader-api/node_modules/jest-circus/build/legacy-code-todo-rewrite/jestAdapterInit.js:122:21)\n    at jestAdapter (/Users/jung-wankim/Project/trader-api/node_modules/jest-circus/build/legacy-code-todo-rewrite/jestAdapter.js:79:19)\n    at runTestInternal (/Users/jung-wankim/Project/trader-api/node_modules/jest-runner/build/runTest.js:367:16)\n    at runTest (/Users/jung-wankim/Project/trader-api/node_modules/jest-runner/build/runTest.js:444:34)"],"fullName":"FinnhubService constructor should initialize with API key and cache","invocations":1,"location":null,"numPassingAsserts":0,"retryReasons":[],"status":"failed","title":"should initialize with API key and cache"},{"ancestorTitles":["FinnhubService","static methods"],"duration":0,"failureDetails":[{}],"failureMessages":["TypeError: FinnhubService is not a constructor\n    at Object.<anonymous> (/Users/jung-wankim/Project/trader-api/tests/services/finnhubService.test.js:20:15)\n    at Promise.then.completed (/Users/jung-wankim/Project/trader-api/node_modules/jest-circus/build/utils.js:298:28)\n    at new Promise (<anonymous>)\n    at callAsyncCircusFn (/Users/jung-wankim/Project/trader-api/node_modules/jest-circus/build/utils.js:231:10)\n    at _callCircusHook (/Users/jung-wankim/Project/trader-api/node_modules/jest-circus/build/run.js:281:40)\n    at _runTest (/Users/jung-wankim/Project/trader-api/node_modules/jest-circus/build/run.js:246:5)\n    at _runTestsForDescribeBlock (/Users/jung-wankim/Project/trader-api/node_modules/jest-circus/build/run.js:126:9)\n    at _runTestsForDescribeBlock (/Users/jung-wankim/Project/trader-api/node_modules/jest-circus/build/run.js:121:9)\n    at _runTestsForDescribeBlock (/Users/jung-wankim/Project/trader-api/node_modules/jest-circus/build/run.js:121:9)\n    at run (/Users/jung-wankim/Project/trader-api/node_modules/jest-circus/build/run.js:71:3)\n    at runAndTransformResultsToJestFormat (/Users/jung-wankim/Project/trader-api/node_modules/jest-circus/build/legacy-code-todo-rewrite/jestAdapterInit.js:122:21)\n    at jestAdapter (/Users/jung-wankim/Project/trader-api/node_modules/jest-circus/build/legacy-code-todo-rewrite/jestAdapter.js:79:19)\n    at runTestInternal (/Users/jung-wankim/Project/trader-api/node_modules/jest-runner/build/runTest.js:367:16)\n    at runTest (/Users/jung-wankim/Project/trader-api/node_modules/jest-runner/build/runTest.js:444:34)"],"fullName":"FinnhubService static methods should format candles data correctly","invocations":1,"location":null,"numPassingAsserts":0,"retryReasons":[],"status":"failed","title":"should format candles data correctly"},{"ancestorTitles":["FinnhubService","static methods"],"duration":0,"failureDetails":[{}],"failureMessages":["TypeError: FinnhubService is not a constructor\n    at Object.<anonymous> (/Users/jung-wankim/Project/trader-api/tests/services/finnhubService.test.js:20:15)\n    at Promise.then.completed (/Users/jung-wankim/Project/trader-api/node_modules/jest-circus/build/utils.js:298:28)\n    at new Promise (<anonymous>)\n    at callAsyncCircusFn (/Users/jung-wankim/Project/trader-api/node_modules/jest-circus/build/utils.js:231:10)\n    at _callCircusHook (/Users/jung-wankim/Project/trader-api/node_modules/jest-circus/build/run.js:281:40)\n    at _runTest (/Users/jung-wankim/Project/trader-api/node_modules/jest-circus/build/run.js:246:5)\n    at _runTestsForDescribeBlock (/Users/jung-wankim/Project/trader-api/node_modules/jest-circus/build/run.js:126:9)\n    at _runTestsForDescribeBlock (/Users/jung-wankim/Project/trader-api/node_modules/jest-circus/build/run.js:121:9)\n    at _runTestsForDescribeBlock (/Users/jung-wankim/Project/trader-api/node_modules/jest-circus/build/run.js:121:9)\n    at run (/Users/jung-wankim/Project/trader-api/node_modules/jest-circus/build/run.js:71:3)\n    at runAndTransformResultsToJestFormat (/Users/jung-wankim/Project/trader-api/node_modules/jest-circus/build/legacy-code-todo-rewrite/jestAdapterInit.js:122:21)\n    at jestAdapter (/Users/jung-wankim/Project/trader-api/node_modules/jest-circus/build/legacy-code-todo-rewrite/jestAdapter.js:79:19)\n    at runTe
[...]
":7}},"11":{"start":{"line":31,"column":2},"end":{"line":36,"column":3}},"12":{"start":{"line":32,"column":4},"end":{"line":35,"column":7}},"13":{"start":{"line":39,"column":21},"end":{"line":39,"column":42}},"14":{"start":{"line":40,"column":18},"end":{"line":40,"column":56}},"15":{"start":{"line":42,"column":2},"end":{"line":47,"column":5}},"16":{"start":{"line":50,"column":0},"end":{"line":52,"column":2}}},"fnMap":{"0":{"name":"(anonymous_0)","decl":{"start":{"line":3,"column":21},"end":{"line":3,"column":22}},"loc":{"start":{"line":3,"column":46},"end":{"line":48,"column":1}},"line":3},"1":{"name":"(anonymous_1)","decl":{"start":{"line":8,"column":49},"end":{"line":8,"column":50}},"loc":{"start":{"line":8,"column":54},"end":{"line":8,"column":63}},"line":8}},"branchMap":{"0":{"loc":{"start":{"line":7,"column":2},"end":{"line":13,"column":3}},"type":"if","locations":[{"start":{"line":7,"column":2},"end":{"line":13,"column":3}},{"start":{},"end":{}}],"line":7},"1":{"loc":{"start":{"line":16,"column":2},"end":{"line":21,"column":3}},"type":"if","locations":[{"start":{"line":16,"column":2},"end":{"line":21,"column":3}},{"start":{},"end":{}}],"line":16},"2":{"loc":{"start":{"line":23,"column":2},"end":{"line":28,"column":3}},"type":"if","locations":[{"start":{"line":23,"column":2},"end":{"line":28,"column":3}},{"start":{},"end":{}}],"line":23},"3":{"loc":{"start":{"line":31,"column":2},"end":{"line":36,"column":3}},"type":"if","locations":[{"start":{"line":31,"column":2},"end":{"line":36,"column":3}},{"start":{},"end":{}}],"line":31},"4":{"loc":{"start":{"line":39,"column":21},"end":{"line":39,"column":42}},"type":"binary-expr","locations":[{"start":{"line":39,"column":21},"end":{"line":39,"column":35}},{"start":{"line":39,"column":39},"end":{"line":39,"column":42}}],"line":39},"5":{"loc":{"start":{"line":40,"column":18},"end":{"line":40,"column":56}},"type":"binary-expr","locations":[{"start":{"line":40,"column":18},"end":{"line":40,"column":29}},{"start":{"line":40,"column":33},"end":{"line":40,"column":56}}],"line":40},"6":{"loc":{"start":{"line":43,"column":11},"end":{"line":43,"column":77}},"type":"cond-expr","locations":[{"start":{"line":43,"column":32},"end":{"line":43,"column":55}},{"start":{"line":43,"column":58},"end":{"line":43,"column":77}}],"line":43},"7":{"loc":{"start":{"line":43,"column":58},"end":{"line":43,"column":77}},"type":"binary-expr","locations":[{"start":{"line":43,"column":58},"end":{"line":43,"column":66}},{"start":{"line":43,"column":70},"end":{"line":43,"column":77}}],"line":43},"8":{"loc":{"start":{"line":44,"column":13},"end":{"line":46,"column":15}},"type":"cond-expr","locations":[{"start":{"line":45,"column":8},"end":{"line":45,"column":30}},{"start":{"line":46,"column":8},"end":{"line":46,"column":15}}],"line":44},"9":{"loc":{"start":{"line":44,"column":13},"end":{"line":44,"column":72}},"type":"binary-expr","locations":[{"start":{"line":44,"column":13},"end":{"line":44,"column":50}},{"start":{"line":44,"column":54},"end":{"line":44,"column":72}}],"line":44}},"s":{"0":1,"1":1,"2":0,"3":0,"4":0,"5":0,"6":0,"7":0,"8":0,"9":0,"10":0,"11":0,"12":0,"13":0,"14":0,"15":0,"16":1},"f":{"0":0,"1":0},"b":{"0":[0,0],"1":[0,0],"2":[0,0],"3":[0,0],"4":[0,0],"5":[0,0],"6":[0,0],"7":[0,0],"8":[0,0],"9":[0,0]},"_coverageSchema":"1a1c01bbd47fc00a2c39e90264f33305004495a9","hash":"426e9f34928507afd0a823c02b1de4aed6f2a825"},"/Users/jung-wankim/Project/trader-api/src/validators/recommendation.js":{"path":"/Users/jung-wankim/Project/trader-api/src/validators/recommendation.js","statementMap":{"0":{"start":{"line":1,"column":24},"end":{"line":1,"column":52}},"1":{"start":{"line":3,"column":36},"end":{"line":38,"column":1}},"2":{"start":{"line":40,"column":37},"end":{"line":67,"column":1}},"3":{"start":{"line":62,"column":6},"end":{"line":64,"column":7}},"4":{"start":{"line":63,"column":8},"end":{"line":63,"column":90}},"5":{"start":{"line":65,"column":6},"end":{"line":65,"column":18}}},"fnMap":{"0":{"name":"(anonymous_0)","decl":{"start":{"line":61,"column":12},"end":{"line":61,"column":13}},"loc":{"start":{"line":61,"column":32},"end":{"line":66,"column":5}},"line":61}},"branchMap":{"0":{"loc":{"start":{"line":62,"column":6},"end":{"line":64,"column":7}},"type":"if","locations":[{"start":{"line":62,"column":6},"end":{"line":64,"column":7}},{"start":{},"end":{}}],"line":62},"1":{"loc":{"start":{"line":62,"column":10},"end":{"line":62,"column":63}},"type":"binary-expr","locations":[{"start":{"line":62,"column":10},"end":{"line":62,"column":30}},{"start":{"line":62,"column":34},"end":{"line":62,"column":63}}],"line":62}},"s":{"0":0,"1":0,"2":0,"3":0,"4":0,"5":0},"f":{"0":0},"b":{"0":[0,0],"1":[0,0]}},"/Users/jung-wankim/Project/trader-api/src/utils/logger.js":{"path":"/Users/jung-wankim/Project/trader-api/src/utils/logger.js","statementMap":{"0":{"start":{"line":1,"column":16},"end":{"line":1,"column":34}},"1":{"start":{"line":2,"column":13},"end":{"line":2,"column":28}},"2":{"start":{"line":4,"column":15},"end":{"line":4,"column":49}},"3":{"start":{"line":6,"column":15},"end":{"line":25,"column":2}},"4":{"start":{"line":28,"column":0},"end":{"line":35,"column":1}},"5":{"start":{"line":29,"column":2},"end":{"line":34,"column":6}},"6":{"start":{"line":38,"column":0},"end":{"line":40,"column":2}},"7":{"start":{"line":39,"column":22},"end":{"line":39,"column":49}},"8":{"start":{"line":42,"column":0},"end":{"line":42,"column":24}}},"fnMap":{"0":{"name":"(anonymous_0)","decl":{"start":{"line":39,"column":9},"end":{"line":39,"column":10}},"loc":{"start":{"line":39,"column":22},"end":{"line":39,"column":49}},"line":39}},"branchMap":{"0":{"loc":{"start":{"line":7,"column":9},"end":{"line":7,"column":87}},"type":"cond-expr","locations":[{"start":{"line":7,"column":43},"end":{"line":7,"column":51}},{"start":{"line":7,"column":55},"end":{"line":7,"column":86}}],"line":7},"1":{"loc":{"start":{"line":7,"column":55},"end":{"line":7,"column":86}},"type":"binary-expr","locations":[{"start":{"line":7,"column":55},"end":{"line":7,"column":76}},{"start":{"line":7,"column":80},"end":{"line":7,"column":86}}],"line":7},"2":{"loc":{"start":{"line":14,"column":14},"end":{"line":24,"column":3}},"type":"cond-expr","locations":[{"start":{"line":14,"column":48},"end":{"line":14,"column":50}},{"start":{"line":14,"column":53},"end":{"line":24,"column":3}}],"line":14},"3":{"loc":{"start":{"line":28,"column":0},"end":{"line":35,"column":1}},"type":"if","locations":[{"start":{"line":28,"column":0},"end":{"line":35,"column":1}},{"start":{},"end":{}}],"line":28}},"s":{"0":0,"1":0,"2":0,"3":0,"4":0,"5":0,"6":0,"7":0,"8":0},"f":{"0":0},"b":{"0":[0,0],"1":[0,0],"2":[0,0],"3":[0,0]}},"/Users/jung-wankim/Project/trader-api/src/validators/auth.js":{"path":"/Users/jung-wankim/Project/trader-api/src/validators/auth.js","statementMap":{"0":{"start":{"line":1,"column":35},"end":{"line":1,"column":63}},"1":{"start":{"line":3,"column":25},"end":{"line":21,"column":1}},"2":{"start":{"line":23,"column":22},"end":{"line":31,"column":1}},"3":{"start":{"line":33,"column":24},"end":{"line":51,"column":1}},"4":{"start":{"line":53,"column":31},"end":{"line":64,"column":1}},"5":{"start":{"line":62,"column":32},"end":{"line":62,"column":67}}},"fnMap":{"0":{"name":"(anonymous_0)","decl":{"start":{"line":62,"column":12},"end":{"line":62,"column":13}},"loc":{"start":{"line":62,"column":32},"end":{"line":62,"column":67}},"line":62}},"branchMap":{},"s":{"0":0,"1":0,"2":0,"3":0,"4":0,"5":0},"f":{"0":0},"b":{}},"/Users/jung-wankim/Project/trader-api/src/validators/market.js":{"path":"/Users/jung-wankim/Project/trader-api/src/validators/market.js","statementMap":{"0":{"start":{"line":1,"column":25},"end":{"line":1,"column":53}},"1":{"start":{"line":3,"column":23},"end":{"line":11,"column":1}},"2":{"start":{"line":13,"column":28},"end":{"line":34,"column":1}},"3":{"start":{"line":29,"column":6},"end":{"line":31,"column":7}},"4":{"start":{"line":30,"column":8},"end":{"line":30,"column":69}},"5":{"start":{"line":32,"column":6},"end":{"line":32,"column":18}},"6":{"start":{"line":36,"column":31},"end":{"line":59,"column":1}},"7":{"start":{"line":51,"column":6},"end":{"line":55,"column":7}},"8":{"start":{"line":52,"column":27},"end":{"line":52,"column":43}},"9":{"start":{"line":53,"column":32},"end":{"line":53,"column":86}},"10":{"start":{"line":54,"column":8},"end":{"line":54,"column":84}},"11":{"start":{"line":54,"column":39},"end":{"line":54,"column":82}},"12":{"start":{"line":56,"column":6},"end":{"line":56,"column":18}},"13":{"start":{"line":61,"column":36},"end":{"line":76,"column":1}}},"fnMap":{"0":{"name":"(anonymous_0)","decl":{"start":{"line":28,"column":12},"end":{"line":28,"column":13}},"loc":{"start":{"line":28,"column":32},"end":{"line":33,"column":5}},"line":28},"1":{"name":"(anonymous_1)","decl":{"start":{"line":50,"column":12},"end":{"line":50,"column":13}},"loc":{"start":{"line":50,"column":23},"end":{"line":57,"column":5}},"line":50},"2":{"name":"(anonymous_2)","decl":{"start":{"line":54,"column":32},"end":{"line":54,"column":33}},"loc":{"start":{"line":54,"column":39},"end":{"line":54,"column":82}},"line":54}},"branchMap":{"0":{"loc":{"start":{"line":29,"column":6},"end":{"line":31,"column":7}},"type":"if","locations":[{"start":{"line":29,"column":6},"end":{"line":31,"column":7}},{"start":{},"end":{}}],"line":29},"1":{"loc":{"start":{"line":29,"column":10},"end":{"line":29,"column":51}},"type":"binary-expr","locations":[{"start":{"line":29,"column":10},"end":{"line":29,"column":24}},{"start":{"line":29,"column":28},"end":{"line":29,"column":51}}],"line":29},"2":{"loc":{"start":{"line":51,"column":6},"end":{"line":55,"column":7}},"type":"if","locations":[{"start":{"line":51,"column":6},"end":{"line":55,"column":7}},{"start":{},"end":{}}],"line":51}},"s":{"0":0,"1":0,"2":0,"3":0,"4":0,"5":0,"6":0,"7":0,"8":0,"9":0,"10":0,"11":0,"12":0,"13":0},"f":{"0":0,"1":0,"2":0},"b":{"0":[0,0],"1":[0,0],"2":[0,0]}},"/Users/jung-wankim/Project/trader-api/src/validators/portfolio.js":{"path":"/Users/jung-wankim/Project/trader-api/src/validators/portfolio.js","statementMap":{"0":{"start":{"line":1,"column":24},"end":{"line":1,"column":52}},"1":{"start":{"line":3,"column":26},"end":{"line":17,"column":1}},"2":{"start":{"line":19,"column":25},"end":{"line":78,"column":1}},"3":{"start":{"line":44,"column":6},"end":{"line":46,"column":7}},"4":{"start":{"line":45,"column":8},"end":{"line":45,"column":81}},"5":{"start":{"line":47,"column":6},"end":{"line":49,"column":7}},"6":{"start":{"line":48,"column":8},"end":{"line":48,"column":82}},"7":{"start":{"line":50,"column":6},"end":{"line":50,"column":18}},"8":{"start":{"line":57,"column":6},"end":{"line":59,"column":7}},"9":{"start":{"line":58,"column":8},"end":{"line":58,"column":83}},"10":{"start":{"line":60,"column":6},"end":{"line":62,"column":7}},"11":{"start":{"line":61,"column":8},"end":{"line":61,"column":84}},"12":{"start":{"line":63,"column":6},"end":{"line":63,"column":18}},"13":{"start":{"line":80,"column":31},"end":{"line":97,"column":1}},"14":{"start":{"line":99,"column":30},"end":{"line":112,"column":1}}},"fnMap":{"0":{"name":"(anonymous_0)","decl":{"start":{"line":43,"column":12},"end":{"line":43,"column":13}},"loc":{"start":{"line":43,"column":32},"end":{"line":51,"column":5}},"line":43},"1":{"name":"(anonymous_1)","decl":{"start":{"line":56,"column":12},"end":{"line":56,"column":13}},"loc":{"start":{"line":56,"column":32},"end":{"line":64,"column":5}},"line":56}},"branchMap":{"0":{"loc":{"start":{"line":44,"column":6},"end":{"line":46,"column":7}},"type":"if","locations":[{"start":{"line":44,"column":6},"end":{"line":46,"column":7}},{"start":{},"end":{}}],"line":44},"1":{"loc":{"start":{"line":44,"column":10},"end":{"line":44,"column":68}},"type":"binary-expr","locations":[{"start":{"line":44,"column":10},"end":{"line":44,"column":35}},{"start":{"line":44,"column":39},"end":{"line":44,"column":68}}],"line":44},"2":{"loc":{"start":{"line":47,"column":6},"end":{"line":49,"column":7}},"type":"if","locations":[{"start":{"line":47,"column":6},"end":{"line":49,"column":7}},{"start":{},"end":{}}],"line":47},"3":{"loc":{"start":{"line":47,"column":10},"end":{"line":47,"column":69}},"type":"binary-expr","locations":[{"start":{"line":47,"column":10},"end":{"line":47,"column":36}},{"start":{"line":47,"column":40},"end":{"line":47,"column":69}}],"line":47},"4":{"loc":{"start":{"line":57,"column":6},"end":{"line":59,"column":7}},"type":"if","locations":[{"start":{"line":57,"column":6},"end":{"line":59,"column":7}},{"start":{},"end":{}}],"line":57},"5":{"loc":{"start":{"line":57,"column":10},"end":{"line":57,"column":68}},"type":"binary-expr","locations":[{"start":{"line":57,"column":10},"end":{"line":57,"column":35}},{"start":{"line":57,"column":39},"end":{"line":57,"column":68}}],"line":57},"6":{"loc":{"start":{"line":60,"column":6},"end":{"line":62,"column":7}},"type":"if","locations":[{"start":{"line":60,"column":6},"end":{"line":62,"column":7}},{"start":{},"end":{}}],"line":60},"7":{"loc":{"start":{"line":60,"column":10},"end":{"line":60,"column":69}},"type":"binary-expr","locations":[{"start":{"line":60,"column":10},"end":{"line":60,"column":36}},{"start":{"line":60,"column":40},"end":{"line":60,"column":69}}],"line":60}},"s":{"0":0,"1":0,"2":0,"3":0,"4":0,"5":0,"6":0,"7":0,"8":0,"9":0,"10":0,"11":0,"12":0,"13":0,"14":0},"f":{"0":0,"1":0},"b":{"0":[0,0],"1":[0,0],"2":[0,0],"3":[0,0],"4":[0,0],"5":[0,0],"6":[0,0],"7":[0,0]}},"/Users/jung-wankim/Project/trader-api/src/validators/strategy.js":{"path":"/Users/jung-wankim/Project/trader-api/src/validators/strategy.js","statementMap":{"0":{"start":{"line":1,"column":31},"end":{"line":1,"column":59}},"1":{"start":{"line":3,"column":27},"end":{"line":7,"column":1}},"2":{"start":{"line":9,"column":30},"end":{"line":22,"column":1}},"3":{"start":{"line":24,"column":32},"end":{"line":66,"column":1}},"4":{"start":{"line":45,"column":6},"end":{"line":47,"column":7}},"5":{"start":{"line":46,"column":8},"end":{"line":46,"column":61}},"6":{"start":{"line":48,"column":6},"end":{"line":48,"column":18}},"7":{"start":{"line":68,"column":33},"end":{"line":90,"column":1}},"8":{"start":{"line":79,"column":6},"end":{"line":86,"column":7}},"9":{"start":{"line":80,"column":24},"end":{"line":80,"column":40}},"10":{"start":{"line":81,"column":29},"end":{"line":84,"column":9}},"11":{"start":{"line":85,"column":8},"end":{"line":85,"column":84}},"12":{"start":{"line":85,"column":39},"end":{"line":85,"column":82}},"13":{"start":{"line":87,"column":6},"end":{"line":87,"column":18}}},"fnMap":{"0":{"name":"(anonymous_0)","decl":{"start":{"line":44,"column":12},"end":{"line":44,"column":13}},"loc":{"start":{"line":44,"column":32},"end":{"line":49,"column":5}},"line":44},"1":{"name":"(anonymous_1)","decl":{"start":{"line":78,"column":12},"end":{"line":78,"column":13}},"loc":{"start":{"line":78,"column":23},"end":{"line":88,"column":5}},"line":78},"2":{"name":"(anonymous_2)","decl":{"start":{"line":85,"column":29},"end":{"line":85,"column":30}},"loc":{"start":{"line":85,"column":39},"end":{"line":85,"column":82}},"line":85}},"branchMap":{"0":{"loc":{"start":{"line":45,"column":6},"end":{"line":47,"column":7}},"type":"if","locations":[{"start":{"line":45,"column":6},"end":{"line":47,"column":7}},{"start":{},"end":{}}],"line":45},"1":{"loc":{"start":{"line":79,"column":6},"end":{"line":86,"column":7}},"type":"if","locations":[{"start":{"line":79,"column":6},"end":{"line":86,"column":7}},{"start":{},"end":{}}],"line":79}},"s":{"0":0,"1":0,"2":0,"3":0,"4":0,"5":0,"6":0,"7":0,"8":0,"9":0,"10":0,"11":0,"12":0,"13":0},"f":{"0":0,"1":0,"2":0},"b":{"0":[0,0],"1":[0,0]}},"/Users/jung-wankim/Project/trader-api/src/validators/subscription.js":{"path":"/Users/jung-wankim/Project/trader-api/src/validators/subscription.js","statementMap":{"0":{"start":{"line":1,"column":24},"end":{"line":1,"column":52}},"1":{"start":{"line":3,"column":29},"end":{"line":16,"column":1}},"2":{"start":{"line":18,"column":24},"end":{"line":32,"column":1}},"3":{"start":{"line":26,"column":6},"end":{"line":26,"column":18}},"4":{"start":{"line":34,"column":30},"end":{"line":62,"column":1}},"5":{"start":{"line":48,"column":6},"end":{"line":59,"column":7}},"6":{"start":{"line":50,"column":8},"end":{"line":52,"column":9}},"7":{"start":{"line":51,"column":10},"end":{"line":51,"column":59}},"8":{"start":{"line":53,"column":8},"end":{"line":55,"column":9}},"9":{"start":{"line":54,"column":10},"end":{"line":54,"column":51}},"10":{"start":{"line":56,"column":8},"end":{"line":58,"column":9}},"11":{"start":{"line":57,"column":10},"end":{"line":57,"column":63}},"12":{"start":{"line":60,"column":6},"end":{"line":60,"column":18}},"13":{"start":{"line":64,"column":27},"end":{"line":87,"column":1}},"14":{"start":{"line":82,"column":6},"end":{"line":84,"column":7}},"15":{"start":{"line":83,"column":8},"end":{"line":83,"column":61}},"16":{"start":{"line":85,"column":6},"end":{"line":85,"column":18}}},"fnMap":{"0":{"name":"(anonymous_0)","decl":{"start":{"line":23,"column":12},"end":{"line":23,"column":13}},"loc":{"start":{"line":23,"column":32},"end":{"line":27,"column":5}},"line":23},"1":{"name":"(anonymous_1)","decl":{"start":{"line":47,"column":12},"end":{"line":47,"column":13}},"loc":{"start":{"line":47,"column":23},"end":{"line":61,"column":5}},"line":47},"2":{"name":"(anonymous_2)","decl":{"start":{"line":81,"column":12},"end":{"line":81,"column":13}},"loc":{"start":{"line":81,"column":32},"end":{"line":86,"column":5}},"line":81}},"branchMap":{"0":{"loc":{"start":{"line":48,"column":6},"end":{"line":59,"column":7}},"type":"if","locations":[{"start":{"line":48,"column":6},"end":{"line":59,"column":7}},{"start":{},"end":{}}],"line":48},"1":{"loc":{"start":{"line":48,"column":10},"end":{"line":48,"column":44}},"type":"binary-expr","locations":[{"start":{"line":48,"column":10},"end":{"line":48,"column":15}},{"start":{"line":48,"column":19},"end":{"line":48,"column":44}}],"line":48},"2":{"loc":{"start":{"line":50,"column":8},"end":{"line":52,"column":9}},"type":"if","locations":[{"start":{"line":50,"column":8},"end":{"line":52,"column":9}},{"start":{},"end":{}}],"line":50},"3":{"loc":{"start":{"line":50,"column":12},"end":{"line":50,"column":56}},"type":"binary-expr","locations":[{"start":{"line":50,"column":12},"end":{"line":50,"column":22}},{"start":{"line":50,"column":26},"end":{"line":50,"column":56}}],"line":50},"4":{"loc":{"start":{"line":53,"column":8},"end":{"line":55,"column":9}},"type":"if","locations":[{"start":{"line":53,"column":8},"end":{"line":55,"column":9}},{"start":{},"end":{}}],"line":53},"5":{"loc":{"start":{"line":53,"column":12},"end":{"line":53,"column":74}},"type":"binary-expr","locations":[{"start":{"line":53,"column":12},"end":{"line":53,"column":23}},{"start":{"line":53,"column":27},"end":{"line":53,"column":74}}],"line":53},"6":{"loc":{"start":{"line":56,"column":8},"end":{"line":58,"column":9}},"type":"if","locations":[{"start":{"line":56,"column":8},"end":{"line":58,"column":9}},{"start":{},"end":{}}],"line":56},"7":{"loc":{"start":{"line":56,"column":12},"end":{"line":56,"column":62}},"type":"binary-expr","locations":[{"start":{"line":56,"column":12},"end":{"line":56,"column":25}},{"start":{"line":56,"column":29},"end":{"line":56,"column":62}}],"line":56},"8":{"loc":{"start":{"line":82,"column":6},"end":{"line":84,"column":7}},"type":"if","locations":[{"start":{"line":82,"column":6},"end":{"line":84,"column":7}},{"start":{},"end":{}}],"line":82},"9":{"loc":{"start":{"line":82,"column":10},"end":{"line":82,"column":83}},"type":"binary-expr","locations":[{"start":{"line":82,"column":10},"end":{"line":82,"column":30}},{"start":{"line":82,"column":34},"end":{"line":82,"column":83}}],"line":82}},"s":{"0":0,"1":0,"2":0,"3":0,"4":0,"5":0,"6":0,"7":0,"8":0,"9":0,"10":0,"11":0,"12":0,"13":0,"14":0,"15":0,"16":0},"f":{"0":0,"1":0,"2":0},"b":{"0":[0,0],"1":[0,0],"2":[0,0],"3":[0,0],"4":[0,0],"5":[0,0],"6":[0,0],"7":[0,0],"8":[0,0],"9":[0,0]}}}}
